30-Oct-2023 20:19:51.851 INFO [main] org.apache.catalina.startup.VersionLoggerListener.log Server version name:   Apache Tomcat/8.5.93
30-Oct-2023 20:19:51.859 INFO [main] org.apache.catalina.startup.VersionLoggerListener.log Server built:          Aug 23 2023 22:43:14 UTC
30-Oct-2023 20:19:51.860 INFO [main] org.apache.catalina.startup.VersionLoggerListener.log Server version number: 8.5.93.0
30-Oct-2023 20:19:51.860 INFO [main] org.apache.catalina.startup.VersionLoggerListener.log OS Name:               Windows 11
30-Oct-2023 20:19:51.860 INFO [main] org.apache.catalina.startup.VersionLoggerListener.log OS Version:            10.0
30-Oct-2023 20:19:51.860 INFO [main] org.apache.catalina.startup.VersionLoggerListener.log Architecture:          amd64
30-Oct-2023 20:19:51.860 INFO [main] org.apache.catalina.startup.VersionLoggerListener.log Java Home:             C:\Program Files\Java\jdk-18.0.2
30-Oct-2023 20:19:51.860 INFO [main] org.apache.catalina.startup.VersionLoggerListener.log JVM Version:           18.0.2+9-61
30-Oct-2023 20:19:51.860 INFO [main] org.apache.catalina.startup.VersionLoggerListener.log JVM Vendor:            Oracle Corporation
30-Oct-2023 20:19:51.861 INFO [main] org.apache.catalina.startup.VersionLoggerListener.log CATALINA_BASE:         C:\tomcat\apache-tomcat-8.5.93
30-Oct-2023 20:19:51.861 INFO [main] org.apache.catalina.startup.VersionLoggerListener.log CATALINA_HOME:         C:\tomcat\apache-tomcat-8.5.93
30-Oct-2023 20:19:51.862 INFO [main] org.apache.catalina.startup.VersionLoggerListener.log Command line argument: --add-opens=java.base/java.lang=ALL-UNNAMED
30-Oct-2023 20:19:51.862 INFO [main] org.apache.catalina.startup.VersionLoggerListener.log Command line argument: --add-opens=java.base/java.io=ALL-UNNAMED
30-Oct-2023 20:19:51.862 INFO [main] org.apache.catalina.startup.VersionLoggerListener.log Command line argument: --add-opens=java.base/java.util=ALL-UNNAMED
30-Oct-2023 20:19:51.862 INFO [main] org.apache.catalina.startup.VersionLoggerListener.log Command line argument: --add-opens=java.base/java.util.concurrent=ALL-UNNAMED
30-Oct-2023 20:19:51.862 INFO [main] org.apache.catalina.startup.VersionLoggerListener.log Command line argument: --add-opens=java.rmi/sun.rmi.transport=ALL-UNNAMED
30-Oct-2023 20:19:51.862 INFO [main] org.apache.catalina.startup.VersionLoggerListener.log Command line argument: -Djava.util.logging.config.file=C:\tomcat\apache-tomcat-8.5.93\conf\logging.properties
30-Oct-2023 20:19:51.862 INFO [main] org.apache.catalina.startup.VersionLoggerListener.log Command line argument: -Djava.util.logging.manager=org.apache.juli.ClassLoaderLogManager
30-Oct-2023 20:19:51.863 INFO [main] org.apache.catalina.startup.VersionLoggerListener.log Command line argument: -Djdk.tls.ephemeralDHKeySize=2048
30-Oct-2023 20:19:51.863 INFO [main] org.apache.catalina.startup.VersionLoggerListener.log Command line argument: -Djava.protocol.handler.pkgs=org.apache.catalina.webresources
30-Oct-2023 20:19:51.863 INFO [main] org.apache.catalina.startup.VersionLoggerListener.log Command line argument: -Dignore.endorsed.dirs=
30-Oct-2023 20:19:51.863 INFO [main] org.apache.catalina.startup.VersionLoggerListener.log Command line argument: -Dcatalina.base=C:\tomcat\apache-tomcat-8.5.93
30-Oct-2023 20:19:51.863 INFO [main] org.apache.catalina.startup.VersionLoggerListener.log Command line argument: -Dcatalina.home=C:\tomcat\apache-tomcat-8.5.93
30-Oct-2023 20:19:51.863 INFO [main] org.apache.catalina.startup.VersionLoggerListener.log Command line argument: -Djava.io.tmpdir=C:\tomcat\apache-tomcat-8.5.93\temp
30-Oct-2023 20:19:51.863 INFO [main] org.apache.catalina.core.AprLifecycleListener.lifecycleEvent Loaded Apache Tomcat Native library [1.2.38] using APR version [1.7.4].
30-Oct-2023 20:19:51.863 INFO [main] org.apache.catalina.core.AprLifecycleListener.lifecycleEvent APR capabilities: IPv6 [true], sendfile [true], accept filters [false], random [true], UDS [{4}].
30-Oct-2023 20:19:51.863 INFO [main] org.apache.catalina.core.AprLifecycleListener.lifecycleEvent APR/OpenSSL configuration: useAprConnector [false], useOpenSSL [true]
30-Oct-2023 20:19:51.986 INFO [main] org.apache.catalina.core.AprLifecycleListener.initializeSSL OpenSSL successfully initialized [OpenSSL 1.1.1v  1 Aug 2023]
30-Oct-2023 20:19:52.071 INFO [main] org.apache.coyote.AbstractProtocol.init Initializing ProtocolHandler ["http-nio-8080"]
30-Oct-2023 20:19:52.109 INFO [main] org.apache.catalina.startup.Catalina.load Initialization processed in 802 ms
30-Oct-2023 20:19:52.194 INFO [main] org.apache.catalina.core.StandardService.startInternal Starting service [Catalina]
30-Oct-2023 20:19:52.194 INFO [main] org.apache.catalina.core.StandardEngine.startInternal Starting Servlet engine: [Apache Tomcat/8.5.93]
30-Oct-2023 20:19:52.206 INFO [localhost-startStop-1] org.apache.catalina.startup.HostConfig.deployDescriptor Deploying deployment descriptor [C:\tomcat\apache-tomcat-8.5.93\conf\Catalina\localhost\ProjetoExemploSpringMVC.xml]
30-Oct-2023 20:19:55.576 INFO [localhost-startStop-1] org.apache.jasper.servlet.TldScanner.scanJars At least one JAR was scanned for TLDs yet contained no TLDs. Enable debug logging for this logger for a complete list of JARs that were scanned but no TLDs were found in them. Skipping unneeded JARs during scanning can improve startup time and JSP compilation time.
30-Oct-2023 20:19:55.688 INFO [localhost-startStop-1] org.springframework.web.context.ContextLoader.initWebApplicationContext Root WebApplicationContext: initialization started
30-Oct-2023 20:19:56.091 INFO [localhost-startStop-1] org.springframework.web.context.ContextLoader.initWebApplicationContext Root WebApplicationContext initialized in 403 ms
30-Oct-2023 20:19:56.175 INFO [localhost-startStop-1] org.springframework.web.servlet.FrameworkServlet.initServletBean Initializing Servlet 'dispatcher'
30-Oct-2023 20:19:56.739 INFO [localhost-startStop-1] org.springframework.web.servlet.FrameworkServlet.initServletBean Completed initialization in 564 ms
30-Oct-2023 20:19:56.760 INFO [localhost-startStop-1] org.apache.catalina.startup.HostConfig.deployDescriptor Deployment of deployment descriptor [C:\tomcat\apache-tomcat-8.5.93\conf\Catalina\localhost\ProjetoExemploSpringMVC.xml] has finished in [4,553] ms
30-Oct-2023 20:19:56.760 INFO [localhost-startStop-1] org.apache.catalina.startup.HostConfig.deployDescriptor Deploying deployment descriptor [C:\tomcat\apache-tomcat-8.5.93\conf\Catalina\localhost\ProjetoJDNI_Tomcat.xml]
30-Oct-2023 20:19:57.316 INFO [localhost-startStop-1] org.apache.jasper.servlet.TldScanner.scanJars At least one JAR was scanned for TLDs yet contained no TLDs. Enable debug logging for this logger for a complete list of JARs that were scanned but no TLDs were found in them. Skipping unneeded JARs during scanning can improve startup time and JSP compilation time.
30-Oct-2023 20:19:57.321 INFO [localhost-startStop-1] org.apache.catalina.startup.HostConfig.deployDescriptor Deployment of deployment descriptor [C:\tomcat\apache-tomcat-8.5.93\conf\Catalina\localhost\ProjetoJDNI_Tomcat.xml] has finished in [561] ms
30-Oct-2023 20:19:57.321 INFO [localhost-startStop-1] org.apache.catalina.startup.HostConfig.deployDescriptor Deploying deployment descriptor [C:\tomcat\apache-tomcat-8.5.93\conf\Catalina\localhost\ProjetoWebJSPExemplos.xml]
30-Oct-2023 20:19:57.360 INFO [localhost-startStop-1] org.apache.catalina.startup.HostConfig.deployDescriptor Deployment of deployment descriptor [C:\tomcat\apache-tomcat-8.5.93\conf\Catalina\localhost\ProjetoWebJSPExemplos.xml] has finished in [39] ms
30-Oct-2023 20:19:57.393 INFO [localhost-startStop-1] org.apache.catalina.startup.HostConfig.deployWAR Deploying web application archive [C:\tomcat\apache-tomcat-8.5.93\webapps\teste.war]
30-Oct-2023 20:19:57.828 INFO [localhost-startStop-1] org.apache.jasper.servlet.TldScanner.scanJars At least one JAR was scanned for TLDs yet contained no TLDs. Enable debug logging for this logger for a complete list of JARs that were scanned but no TLDs were found in them. Skipping unneeded JARs during scanning can improve startup time and JSP compilation time.
30-Oct-2023 20:19:57.830 INFO [localhost-startStop-1] org.apache.catalina.startup.HostConfig.deployWAR Deployment of web application archive [C:\tomcat\apache-tomcat-8.5.93\webapps\teste.war] has finished in [437] ms
30-Oct-2023 20:19:57.831 INFO [localhost-startStop-1] org.apache.catalina.startup.HostConfig.deployDirectory Deploying web application directory [C:\tomcat\apache-tomcat-8.5.93\webapps\docs]
30-Oct-2023 20:19:57.867 INFO [localhost-startStop-1] org.apache.catalina.startup.HostConfig.deployDirectory Deployment of web application directory [C:\tomcat\apache-tomcat-8.5.93\webapps\docs] has finished in [36] ms
30-Oct-2023 20:19:57.868 INFO [localhost-startStop-1] org.apache.catalina.startup.HostConfig.deployDirectory Deploying web application directory [C:\tomcat\apache-tomcat-8.5.93\webapps\examples]
30-Oct-2023 20:19:58.858 INFO [localhost-startStop-1] org.apache.catalina.startup.HostConfig.deployDirectory Deployment of web application directory [C:\tomcat\apache-tomcat-8.5.93\webapps\examples] has finished in [991] ms
30-Oct-2023 20:19:58.858 INFO [localhost-startStop-1] org.apache.catalina.startup.HostConfig.deployDirectory Deploying web application directory [C:\tomcat\apache-tomcat-8.5.93\webapps\host-manager]
30-Oct-2023 20:19:58.910 INFO [localhost-startStop-1] org.apache.catalina.startup.HostConfig.deployDirectory Deployment of web application directory [C:\tomcat\apache-tomcat-8.5.93\webapps\host-manager] has finished in [52] ms
30-Oct-2023 20:19:58.910 INFO [localhost-startStop-1] org.apache.catalina.startup.HostConfig.deployDirectory Deploying web application directory [C:\tomcat\apache-tomcat-8.5.93\webapps\manager]
30-Oct-2023 20:19:58.986 INFO [localhost-startStop-1] org.apache.catalina.startup.HostConfig.deployDirectory Deployment of web application directory [C:\tomcat\apache-tomcat-8.5.93\webapps\manager] has finished in [76] ms
30-Oct-2023 20:19:58.987 INFO [localhost-startStop-1] org.apache.catalina.startup.HostConfig.deployDirectory Deploying web application directory [C:\tomcat\apache-tomcat-8.5.93\webapps\ROOT]
30-Oct-2023 20:19:59.009 INFO [localhost-startStop-1] org.apache.catalina.startup.HostConfig.deployDirectory Deployment of web application directory [C:\tomcat\apache-tomcat-8.5.93\webapps\ROOT] has finished in [23] ms
30-Oct-2023 20:19:59.012 INFO [main] org.apache.coyote.AbstractProtocol.start Starting ProtocolHandler ["http-nio-8080"]
30-Oct-2023 20:19:59.070 INFO [main] org.apache.catalina.startup.Catalina.start Server startup in 6959 ms
30-Oct-2023 20:20:01.268 INFO [http-nio-8080-exec-1] org.apache.catalina.core.StandardContext.reload Reloading Context with name [/ProjetoWebJSPExemplos] has started
30-Oct-2023 20:20:01.314 INFO [http-nio-8080-exec-1] org.apache.catalina.core.StandardContext.reload Reloading Context with name [/ProjetoWebJSPExemplos] is completed
30-Oct-2023 20:21:34.406 INFO [main] org.apache.catalina.core.StandardServer.await A valid shutdown command was received via the shutdown port. Stopping the Server instance.
30-Oct-2023 20:21:34.407 INFO [main] org.apache.coyote.AbstractProtocol.pause Pausing ProtocolHandler ["http-nio-8080"]
30-Oct-2023 20:21:34.416 INFO [main] org.apache.catalina.core.StandardService.stopInternal Stopping service [Catalina]
30-Oct-2023 20:21:34.477 INFO [main] org.apache.coyote.AbstractProtocol.stop Stopping ProtocolHandler ["http-nio-8080"]
30-Oct-2023 20:21:34.483 INFO [main] org.apache.coyote.AbstractProtocol.destroy Destroying ProtocolHandler ["http-nio-8080"]
30-Oct-2023 20:59:26.504 INFO [main] org.apache.catalina.startup.VersionLoggerListener.log Server version name:   Apache Tomcat/8.5.93
30-Oct-2023 20:59:26.510 INFO [main] org.apache.catalina.startup.VersionLoggerListener.log Server built:          Aug 23 2023 22:43:14 UTC
30-Oct-2023 20:59:26.510 INFO [main] org.apache.catalina.startup.VersionLoggerListener.log Server version number: 8.5.93.0
30-Oct-2023 20:59:26.510 INFO [main] org.apache.catalina.startup.VersionLoggerListener.log OS Name:               Windows 11
30-Oct-2023 20:59:26.511 INFO [main] org.apache.catalina.startup.VersionLoggerListener.log OS Version:            10.0
30-Oct-2023 20:59:26.511 INFO [main] org.apache.catalina.startup.VersionLoggerListener.log Architecture:          amd64
30-Oct-2023 20:59:26.511 INFO [main] org.apache.catalina.startup.VersionLoggerListener.log Java Home:             C:\Program Files\Java\jdk-18.0.2
30-Oct-2023 20:59:26.511 INFO [main] org.apache.catalina.startup.VersionLoggerListener.log JVM Version:           18.0.2+9-61
30-Oct-2023 20:59:26.511 INFO [main] org.apache.catalina.startup.VersionLoggerListener.log JVM Vendor:            Oracle Corporation
30-Oct-2023 20:59:26.512 INFO [main] org.apache.catalina.startup.VersionLoggerListener.log CATALINA_BASE:         C:\tomcat\apache-tomcat-8.5.93
30-Oct-2023 20:59:26.512 INFO [main] org.apache.catalina.startup.VersionLoggerListener.log CATALINA_HOME:         C:\tomcat\apache-tomcat-8.5.93
30-Oct-2023 20:59:26.513 INFO [main] org.apache.catalina.startup.VersionLoggerListener.log Command line argument: --add-opens=java.base/java.lang=ALL-UNNAMED
30-Oct-2023 20:59:26.513 INFO [main] org.apache.catalina.startup.VersionLoggerListener.log Command line argument: --add-opens=java.base/java.io=ALL-UNNAMED
30-Oct-2023 20:59:26.514 INFO [main] org.apache.catalina.startup.VersionLoggerListener.log Command line argument: --add-opens=java.base/java.util=ALL-UNNAMED
30-Oct-2023 20:59:26.514 INFO [main] org.apache.catalina.startup.VersionLoggerListener.log Command line argument: --add-opens=java.base/java.util.concurrent=ALL-UNNAMED
30-Oct-2023 20:59:26.514 INFO [main] org.apache.catalina.startup.VersionLoggerListener.log Command line argument: --add-opens=java.rmi/sun.rmi.transport=ALL-UNNAMED
30-Oct-2023 20:59:26.514 INFO [main] org.apache.catalina.startup.VersionLoggerListener.log Command line argument: -Djava.util.logging.config.file=C:\tomcat\apache-tomcat-8.5.93\conf\logging.properties
30-Oct-2023 20:59:26.514 INFO [main] org.apache.catalina.startup.VersionLoggerListener.log Command line argument: -Djava.util.logging.manager=org.apache.juli.ClassLoaderLogManager
30-Oct-2023 20:59:26.514 INFO [main] org.apache.catalina.startup.VersionLoggerListener.log Command line argument: -Djdk.tls.ephemeralDHKeySize=2048
30-Oct-2023 20:59:26.515 INFO [main] org.apache.catalina.startup.VersionLoggerListener.log Command line argument: -Djava.protocol.handler.pkgs=org.apache.catalina.webresources
30-Oct-2023 20:59:26.515 INFO [main] org.apache.catalina.startup.VersionLoggerListener.log Command line argument: -Dignore.endorsed.dirs=
30-Oct-2023 20:59:26.515 INFO [main] org.apache.catalina.startup.VersionLoggerListener.log Command line argument: -Dcatalina.base=C:\tomcat\apache-tomcat-8.5.93
30-Oct-2023 20:59:26.515 INFO [main] org.apache.catalina.startup.VersionLoggerListener.log Command line argument: -Dcatalina.home=C:\tomcat\apache-tomcat-8.5.93
30-Oct-2023 20:59:26.515 INFO [main] org.apache.catalina.startup.VersionLoggerListener.log Command line argument: -Djava.io.tmpdir=C:\tomcat\apache-tomcat-8.5.93\temp
30-Oct-2023 20:59:26.516 INFO [main] org.apache.catalina.core.AprLifecycleListener.lifecycleEvent Loaded Apache Tomcat Native library [1.2.38] using APR version [1.7.4].
30-Oct-2023 20:59:26.516 INFO [main] org.apache.catalina.core.AprLifecycleListener.lifecycleEvent APR capabilities: IPv6 [true], sendfile [true], accept filters [false], random [true], UDS [{4}].
30-Oct-2023 20:59:26.516 INFO [main] org.apache.catalina.core.AprLifecycleListener.lifecycleEvent APR/OpenSSL configuration: useAprConnector [false], useOpenSSL [true]
30-Oct-2023 20:59:26.676 INFO [main] org.apache.catalina.core.AprLifecycleListener.initializeSSL OpenSSL successfully initialized [OpenSSL 1.1.1v  1 Aug 2023]
30-Oct-2023 20:59:26.750 INFO [main] org.apache.coyote.AbstractProtocol.init Initializing ProtocolHandler ["http-nio-8080"]
30-Oct-2023 20:59:26.791 INFO [main] org.apache.catalina.startup.Catalina.load Initialization processed in 1302 ms
30-Oct-2023 20:59:26.867 INFO [main] org.apache.catalina.core.StandardService.startInternal Starting service [Catalina]
30-Oct-2023 20:59:26.867 INFO [main] org.apache.catalina.core.StandardEngine.startInternal Starting Servlet engine: [Apache Tomcat/8.5.93]
30-Oct-2023 20:59:26.882 INFO [localhost-startStop-1] org.apache.catalina.startup.HostConfig.deployDescriptor Deploying deployment descriptor [C:\tomcat\apache-tomcat-8.5.93\conf\Catalina\localhost\ProjetoExemploSpringMVC.xml]
30-Oct-2023 20:59:30.409 INFO [localhost-startStop-1] org.apache.jasper.servlet.TldScanner.scanJars At least one JAR was scanned for TLDs yet contained no TLDs. Enable debug logging for this logger for a complete list of JARs that were scanned but no TLDs were found in them. Skipping unneeded JARs during scanning can improve startup time and JSP compilation time.
30-Oct-2023 20:59:30.524 INFO [localhost-startStop-1] org.springframework.web.context.ContextLoader.initWebApplicationContext Root WebApplicationContext: initialization started
30-Oct-2023 20:59:31.006 INFO [localhost-startStop-1] org.springframework.web.context.ContextLoader.initWebApplicationContext Root WebApplicationContext initialized in 481 ms
30-Oct-2023 20:59:31.089 INFO [localhost-startStop-1] org.springframework.web.servlet.FrameworkServlet.initServletBean Initializing Servlet 'dispatcher'
30-Oct-2023 20:59:31.632 INFO [localhost-startStop-1] org.springframework.web.servlet.FrameworkServlet.initServletBean Completed initialization in 543 ms
30-Oct-2023 20:59:31.646 INFO [localhost-startStop-1] org.apache.catalina.startup.HostConfig.deployDescriptor Deployment of deployment descriptor [C:\tomcat\apache-tomcat-8.5.93\conf\Catalina\localhost\ProjetoExemploSpringMVC.xml] has finished in [4,763] ms
30-Oct-2023 20:59:31.647 INFO [localhost-startStop-1] org.apache.catalina.startup.HostConfig.deployDescriptor Deploying deployment descriptor [C:\tomcat\apache-tomcat-8.5.93\conf\Catalina\localhost\ProjetoJDNI_Tomcat.xml]
30-Oct-2023 20:59:32.369 INFO [localhost-startStop-1] org.apache.jasper.servlet.TldScanner.scanJars At least one JAR was scanned for TLDs yet contained no TLDs. Enable debug logging for this logger for a complete list of JARs that were scanned but no TLDs were found in them. Skipping unneeded JARs during scanning can improve startup time and JSP compilation time.
30-Oct-2023 20:59:32.375 INFO [localhost-startStop-1] org.apache.catalina.startup.HostConfig.deployDescriptor Deployment of deployment descriptor [C:\tomcat\apache-tomcat-8.5.93\conf\Catalina\localhost\ProjetoJDNI_Tomcat.xml] has finished in [728] ms
30-Oct-2023 20:59:32.375 INFO [localhost-startStop-1] org.apache.catalina.startup.HostConfig.deployDescriptor Deploying deployment descriptor [C:\tomcat\apache-tomcat-8.5.93\conf\Catalina\localhost\ProjetoWebJSPExemplos.xml]
30-Oct-2023 20:59:32.475 INFO [localhost-startStop-1] org.apache.catalina.startup.HostConfig.deployDescriptor Deployment of deployment descriptor [C:\tomcat\apache-tomcat-8.5.93\conf\Catalina\localhost\ProjetoWebJSPExemplos.xml] has finished in [99] ms
30-Oct-2023 20:59:32.485 INFO [localhost-startStop-1] org.apache.catalina.startup.HostConfig.deployWAR Deploying web application archive [C:\tomcat\apache-tomcat-8.5.93\webapps\teste.war]
30-Oct-2023 20:59:33.132 INFO [localhost-startStop-1] org.apache.jasper.servlet.TldScanner.scanJars At least one JAR was scanned for TLDs yet contained no TLDs. Enable debug logging for this logger for a complete list of JARs that were scanned but no TLDs were found in them. Skipping unneeded JARs during scanning can improve startup time and JSP compilation time.
30-Oct-2023 20:59:33.136 INFO [localhost-startStop-1] org.apache.catalina.startup.HostConfig.deployWAR Deployment of web application archive [C:\tomcat\apache-tomcat-8.5.93\webapps\teste.war] has finished in [651] ms
30-Oct-2023 20:59:33.137 INFO [localhost-startStop-1] org.apache.catalina.startup.HostConfig.deployDirectory Deploying web application directory [C:\tomcat\apache-tomcat-8.5.93\webapps\docs]
30-Oct-2023 20:59:33.190 INFO [localhost-startStop-1] org.apache.catalina.startup.HostConfig.deployDirectory Deployment of web application directory [C:\tomcat\apache-tomcat-8.5.93\webapps\docs] has finished in [53] ms
30-Oct-2023 20:59:33.190 INFO [localhost-startStop-1] org.apache.catalina.startup.HostConfig.deployDirectory Deploying web application directory [C:\tomcat\apache-tomcat-8.5.93\webapps\examples]
30-Oct-2023 20:59:33.859 INFO [localhost-startStop-1] org.apache.catalina.startup.HostConfig.deployDirectory Deployment of web application directory [C:\tomcat\apache-tomcat-8.5.93\webapps\examples] has finished in [669] ms
30-Oct-2023 20:59:33.859 INFO [localhost-startStop-1] org.apache.catalina.startup.HostConfig.deployDirectory Deploying web application directory [C:\tomcat\apache-tomcat-8.5.93\webapps\host-manager]
30-Oct-2023 20:59:33.922 INFO [localhost-startStop-1] org.apache.catalina.startup.HostConfig.deployDirectory Deployment of web application directory [C:\tomcat\apache-tomcat-8.5.93\webapps\host-manager] has finished in [63] ms
30-Oct-2023 20:59:33.923 INFO [localhost-startStop-1] org.apache.catalina.startup.HostConfig.deployDirectory Deploying web application directory [C:\tomcat\apache-tomcat-8.5.93\webapps\manager]
30-Oct-2023 20:59:34.001 INFO [localhost-startStop-1] org.apache.catalina.startup.HostConfig.deployDirectory Deployment of web application directory [C:\tomcat\apache-tomcat-8.5.93\webapps\manager] has finished in [78] ms
30-Oct-2023 20:59:34.002 INFO [localhost-startStop-1] org.apache.catalina.startup.HostConfig.deployDirectory Deploying web application directory [C:\tomcat\apache-tomcat-8.5.93\webapps\ROOT]
30-Oct-2023 20:59:34.040 INFO [localhost-startStop-1] org.apache.catalina.startup.HostConfig.deployDirectory Deployment of web application directory [C:\tomcat\apache-tomcat-8.5.93\webapps\ROOT] has finished in [38] ms
30-Oct-2023 20:59:34.045 INFO [main] org.apache.coyote.AbstractProtocol.start Starting ProtocolHandler ["http-nio-8080"]
30-Oct-2023 20:59:34.143 INFO [main] org.apache.catalina.startup.Catalina.start Server startup in 7350 ms
30-Oct-2023 21:53:40.253 INFO [main] org.apache.catalina.core.StandardServer.await A valid shutdown command was received via the shutdown port. Stopping the Server instance.
30-Oct-2023 21:53:40.254 INFO [main] org.apache.coyote.AbstractProtocol.pause Pausing ProtocolHandler ["http-nio-8080"]
30-Oct-2023 21:53:40.269 INFO [main] org.apache.catalina.core.StandardService.stopInternal Stopping service [Catalina]
30-Oct-2023 21:53:40.345 INFO [main] org.apache.coyote.AbstractProtocol.stop Stopping ProtocolHandler ["http-nio-8080"]
30-Oct-2023 21:53:40.353 INFO [main] org.apache.coyote.AbstractProtocol.destroy Destroying ProtocolHandler ["http-nio-8080"]
30-Oct-2023 23:28:01.731 INFO [main] org.apache.catalina.startup.VersionLoggerListener.log Server version name:   Apache Tomcat/8.5.93
30-Oct-2023 23:28:01.741 INFO [main] org.apache.catalina.startup.VersionLoggerListener.log Server built:          Aug 23 2023 22:43:14 UTC
30-Oct-2023 23:28:01.741 INFO [main] org.apache.catalina.startup.VersionLoggerListener.log Server version number: 8.5.93.0
30-Oct-2023 23:28:01.741 INFO [main] org.apache.catalina.startup.VersionLoggerListener.log OS Name:               Windows 11
30-Oct-2023 23:28:01.742 INFO [main] org.apache.catalina.startup.VersionLoggerListener.log OS Version:            10.0
30-Oct-2023 23:28:01.742 INFO [main] org.apache.catalina.startup.VersionLoggerListener.log Architecture:          amd64
30-Oct-2023 23:28:01.742 INFO [main] org.apache.catalina.startup.VersionLoggerListener.log Java Home:             C:\Program Files\Java\jdk-18.0.2
30-Oct-2023 23:28:01.742 INFO [main] org.apache.catalina.startup.VersionLoggerListener.log JVM Version:           18.0.2+9-61
30-Oct-2023 23:28:01.742 INFO [main] org.apache.catalina.startup.VersionLoggerListener.log JVM Vendor:            Oracle Corporation
30-Oct-2023 23:28:01.742 INFO [main] org.apache.catalina.startup.VersionLoggerListener.log CATALINA_BASE:         C:\tomcat\apache-tomcat-8.5.93
30-Oct-2023 23:28:01.742 INFO [main] org.apache.catalina.startup.VersionLoggerListener.log CATALINA_HOME:         C:\tomcat\apache-tomcat-8.5.93
30-Oct-2023 23:28:01.748 INFO [main] org.apache.catalina.startup.VersionLoggerListener.log Command line argument: --add-opens=java.base/java.lang=ALL-UNNAMED
30-Oct-2023 23:28:01.749 INFO [main] org.apache.catalina.startup.VersionLoggerListener.log Command line argument: --add-opens=java.base/java.io=ALL-UNNAMED
30-Oct-2023 23:28:01.749 INFO [main] org.apache.catalina.startup.VersionLoggerListener.log Command line argument: --add-opens=java.base/java.util=ALL-UNNAMED
30-Oct-2023 23:28:01.751 INFO [main] org.apache.catalina.startup.VersionLoggerListener.log Command line argument: --add-opens=java.base/java.util.concurrent=ALL-UNNAMED
30-Oct-2023 23:28:01.751 INFO [main] org.apache.catalina.startup.VersionLoggerListener.log Command line argument: --add-opens=java.rmi/sun.rmi.transport=ALL-UNNAMED
30-Oct-2023 23:28:01.751 INFO [main] org.apache.catalina.startup.VersionLoggerListener.log Command line argument: -Djava.util.logging.config.file=C:\tomcat\apache-tomcat-8.5.93\conf\logging.properties
30-Oct-2023 23:28:01.751 INFO [main] org.apache.catalina.startup.VersionLoggerListener.log Command line argument: -Djava.util.logging.manager=org.apache.juli.ClassLoaderLogManager
30-Oct-2023 23:28:01.751 INFO [main] org.apache.catalina.startup.VersionLoggerListener.log Command line argument: -Djdk.tls.ephemeralDHKeySize=2048
30-Oct-2023 23:28:01.751 INFO [main] org.apache.catalina.startup.VersionLoggerListener.log Command line argument: -Djava.protocol.handler.pkgs=org.apache.catalina.webresources
30-Oct-2023 23:28:01.751 INFO [main] org.apache.catalina.startup.VersionLoggerListener.log Command line argument: -Dignore.endorsed.dirs=
30-Oct-2023 23:28:01.751 INFO [main] org.apache.catalina.startup.VersionLoggerListener.log Command line argument: -Dcatalina.base=C:\tomcat\apache-tomcat-8.5.93
30-Oct-2023 23:28:01.751 INFO [main] org.apache.catalina.startup.VersionLoggerListener.log Command line argument: -Dcatalina.home=C:\tomcat\apache-tomcat-8.5.93
30-Oct-2023 23:28:01.751 INFO [main] org.apache.catalina.startup.VersionLoggerListener.log Command line argument: -Djava.io.tmpdir=C:\tomcat\apache-tomcat-8.5.93\temp
30-Oct-2023 23:28:01.751 INFO [main] org.apache.catalina.core.AprLifecycleListener.lifecycleEvent Loaded Apache Tomcat Native library [1.2.38] using APR version [1.7.4].
30-Oct-2023 23:28:01.751 INFO [main] org.apache.catalina.core.AprLifecycleListener.lifecycleEvent APR capabilities: IPv6 [true], sendfile [true], accept filters [false], random [true], UDS [{4}].
30-Oct-2023 23:28:01.751 INFO [main] org.apache.catalina.core.AprLifecycleListener.lifecycleEvent APR/OpenSSL configuration: useAprConnector [false], useOpenSSL [true]
30-Oct-2023 23:28:01.907 INFO [main] org.apache.catalina.core.AprLifecycleListener.initializeSSL OpenSSL successfully initialized [OpenSSL 1.1.1v  1 Aug 2023]
30-Oct-2023 23:28:01.994 INFO [main] org.apache.coyote.AbstractProtocol.init Initializing ProtocolHandler ["http-nio-8080"]
30-Oct-2023 23:28:02.057 INFO [main] org.apache.catalina.startup.Catalina.load Initialization processed in 1294 ms
30-Oct-2023 23:28:02.141 INFO [main] org.apache.catalina.core.StandardService.startInternal Starting service [Catalina]
30-Oct-2023 23:28:02.141 INFO [main] org.apache.catalina.core.StandardEngine.startInternal Starting Servlet engine: [Apache Tomcat/8.5.93]
30-Oct-2023 23:28:02.160 INFO [localhost-startStop-1] org.apache.catalina.startup.HostConfig.deployDescriptor Deploying deployment descriptor [C:\tomcat\apache-tomcat-8.5.93\conf\Catalina\localhost\ProjetoExemploSpringMVC.xml]
30-Oct-2023 23:28:05.114 INFO [localhost-startStop-1] org.apache.jasper.servlet.TldScanner.scanJars At least one JAR was scanned for TLDs yet contained no TLDs. Enable debug logging for this logger for a complete list of JARs that were scanned but no TLDs were found in them. Skipping unneeded JARs during scanning can improve startup time and JSP compilation time.
30-Oct-2023 23:28:05.214 INFO [localhost-startStop-1] org.springframework.web.context.ContextLoader.initWebApplicationContext Root WebApplicationContext: initialization started
30-Oct-2023 23:28:05.604 INFO [localhost-startStop-1] org.springframework.web.context.ContextLoader.initWebApplicationContext Root WebApplicationContext initialized in 390 ms
30-Oct-2023 23:28:05.664 INFO [localhost-startStop-1] org.springframework.web.servlet.FrameworkServlet.initServletBean Initializing Servlet 'dispatcher'
30-Oct-2023 23:28:06.108 INFO [localhost-startStop-1] org.springframework.web.servlet.FrameworkServlet.initServletBean Completed initialization in 444 ms
30-Oct-2023 23:28:06.121 INFO [localhost-startStop-1] org.apache.catalina.startup.HostConfig.deployDescriptor Deployment of deployment descriptor [C:\tomcat\apache-tomcat-8.5.93\conf\Catalina\localhost\ProjetoExemploSpringMVC.xml] has finished in [3,960] ms
30-Oct-2023 23:28:06.121 INFO [localhost-startStop-1] org.apache.catalina.startup.HostConfig.deployDescriptor Deploying deployment descriptor [C:\tomcat\apache-tomcat-8.5.93\conf\Catalina\localhost\ProjetoJDNI_Tomcat.xml]
30-Oct-2023 23:28:06.590 INFO [localhost-startStop-1] org.apache.jasper.servlet.TldScanner.scanJars At least one JAR was scanned for TLDs yet contained no TLDs. Enable debug logging for this logger for a complete list of JARs that were scanned but no TLDs were found in them. Skipping unneeded JARs during scanning can improve startup time and JSP compilation time.
30-Oct-2023 23:28:06.593 INFO [localhost-startStop-1] org.apache.catalina.startup.HostConfig.deployDescriptor Deployment of deployment descriptor [C:\tomcat\apache-tomcat-8.5.93\conf\Catalina\localhost\ProjetoJDNI_Tomcat.xml] has finished in [472] ms
30-Oct-2023 23:28:06.593 INFO [localhost-startStop-1] org.apache.catalina.startup.HostConfig.deployDescriptor Deploying deployment descriptor [C:\tomcat\apache-tomcat-8.5.93\conf\Catalina\localhost\ProjetoWebJSPExemplos.xml]
30-Oct-2023 23:28:06.644 INFO [localhost-startStop-1] org.apache.catalina.startup.HostConfig.deployDescriptor Deployment of deployment descriptor [C:\tomcat\apache-tomcat-8.5.93\conf\Catalina\localhost\ProjetoWebJSPExemplos.xml] has finished in [51] ms
30-Oct-2023 23:28:06.644 INFO [localhost-startStop-1] org.apache.catalina.startup.HostConfig.deployWAR Deploying web application archive [C:\tomcat\apache-tomcat-8.5.93\webapps\teste.war]
30-Oct-2023 23:28:07.034 INFO [localhost-startStop-1] org.apache.jasper.servlet.TldScanner.scanJars At least one JAR was scanned for TLDs yet contained no TLDs. Enable debug logging for this logger for a complete list of JARs that were scanned but no TLDs were found in them. Skipping unneeded JARs during scanning can improve startup time and JSP compilation time.
30-Oct-2023 23:28:07.034 INFO [localhost-startStop-1] org.apache.catalina.startup.HostConfig.deployWAR Deployment of web application archive [C:\tomcat\apache-tomcat-8.5.93\webapps\teste.war] has finished in [390] ms
30-Oct-2023 23:28:07.034 INFO [localhost-startStop-1] org.apache.catalina.startup.HostConfig.deployDirectory Deploying web application directory [C:\tomcat\apache-tomcat-8.5.93\webapps\docs]
30-Oct-2023 23:28:07.088 INFO [localhost-startStop-1] org.apache.catalina.startup.HostConfig.deployDirectory Deployment of web application directory [C:\tomcat\apache-tomcat-8.5.93\webapps\docs] has finished in [53] ms
30-Oct-2023 23:28:07.088 INFO [localhost-startStop-1] org.apache.catalina.startup.HostConfig.deployDirectory Deploying web application directory [C:\tomcat\apache-tomcat-8.5.93\webapps\examples]
30-Oct-2023 23:28:07.513 INFO [localhost-startStop-1] org.apache.catalina.startup.HostConfig.deployDirectory Deployment of web application directory [C:\tomcat\apache-tomcat-8.5.93\webapps\examples] has finished in [425] ms
30-Oct-2023 23:28:07.513 INFO [localhost-startStop-1] org.apache.catalina.startup.HostConfig.deployDirectory Deploying web application directory [C:\tomcat\apache-tomcat-8.5.93\webapps\host-manager]
30-Oct-2023 23:28:07.557 INFO [localhost-startStop-1] org.apache.catalina.startup.HostConfig.deployDirectory Deployment of web application directory [C:\tomcat\apache-tomcat-8.5.93\webapps\host-manager] has finished in [44] ms
30-Oct-2023 23:28:07.557 INFO [localhost-startStop-1] org.apache.catalina.startup.HostConfig.deployDirectory Deploying web application directory [C:\tomcat\apache-tomcat-8.5.93\webapps\manager]
30-Oct-2023 23:28:07.599 INFO [localhost-startStop-1] org.apache.catalina.startup.HostConfig.deployDirectory Deployment of web application directory [C:\tomcat\apache-tomcat-8.5.93\webapps\manager] has finished in [42] ms
30-Oct-2023 23:28:07.599 INFO [localhost-startStop-1] org.apache.catalina.startup.HostConfig.deployDirectory Deploying web application directory [C:\tomcat\apache-tomcat-8.5.93\webapps\ROOT]
30-Oct-2023 23:28:07.624 INFO [localhost-startStop-1] org.apache.catalina.startup.HostConfig.deployDirectory Deployment of web application directory [C:\tomcat\apache-tomcat-8.5.93\webapps\ROOT] has finished in [25] ms
30-Oct-2023 23:28:07.627 INFO [main] org.apache.coyote.AbstractProtocol.start Starting ProtocolHandler ["http-nio-8080"]
30-Oct-2023 23:28:07.678 INFO [main] org.apache.catalina.startup.Catalina.start Server startup in 5619 ms
30-Oct-2023 23:32:31.171 INFO [main] org.apache.catalina.core.StandardServer.await A valid shutdown command was received via the shutdown port. Stopping the Server instance.
30-Oct-2023 23:32:31.172 INFO [main] org.apache.coyote.AbstractProtocol.pause Pausing ProtocolHandler ["http-nio-8080"]
30-Oct-2023 23:32:31.184 INFO [main] org.apache.catalina.core.StandardService.stopInternal Stopping service [Catalina]
30-Oct-2023 23:32:31.245 INFO [main] org.apache.coyote.AbstractProtocol.stop Stopping ProtocolHandler ["http-nio-8080"]
30-Oct-2023 23:32:31.262 INFO [main] org.apache.coyote.AbstractProtocol.destroy Destroying ProtocolHandler ["http-nio-8080"]
