10-Nov-2023 14:53:38.292 INFO [main] org.apache.catalina.startup.VersionLoggerListener.log Server version name:   Apache Tomcat/8.5.93
10-Nov-2023 14:53:38.296 INFO [main] org.apache.catalina.startup.VersionLoggerListener.log Server built:          Aug 23 2023 22:43:14 UTC
10-Nov-2023 14:53:38.296 INFO [main] org.apache.catalina.startup.VersionLoggerListener.log Server version number: 8.5.93.0
10-Nov-2023 14:53:38.296 INFO [main] org.apache.catalina.startup.VersionLoggerListener.log OS Name:               Windows 11
10-Nov-2023 14:53:38.296 INFO [main] org.apache.catalina.startup.VersionLoggerListener.log OS Version:            10.0
10-Nov-2023 14:53:38.296 INFO [main] org.apache.catalina.startup.VersionLoggerListener.log Architecture:          amd64
10-Nov-2023 14:53:38.296 INFO [main] org.apache.catalina.startup.VersionLoggerListener.log Java Home:             C:\Program Files\Java\jdk-18.0.2
10-Nov-2023 14:53:38.296 INFO [main] org.apache.catalina.startup.VersionLoggerListener.log JVM Version:           18.0.2+9-61
10-Nov-2023 14:53:38.296 INFO [main] org.apache.catalina.startup.VersionLoggerListener.log JVM Vendor:            Oracle Corporation
10-Nov-2023 14:53:38.296 INFO [main] org.apache.catalina.startup.VersionLoggerListener.log CATALINA_BASE:         C:\tomcat\apache-tomcat-8.5.93
10-Nov-2023 14:53:38.296 INFO [main] org.apache.catalina.startup.VersionLoggerListener.log CATALINA_HOME:         C:\tomcat\apache-tomcat-8.5.93
10-Nov-2023 14:53:38.296 INFO [main] org.apache.catalina.startup.VersionLoggerListener.log Command line argument: --add-opens=java.base/java.lang=ALL-UNNAMED
10-Nov-2023 14:53:38.296 INFO [main] org.apache.catalina.startup.VersionLoggerListener.log Command line argument: --add-opens=java.base/java.io=ALL-UNNAMED
10-Nov-2023 14:53:38.296 INFO [main] org.apache.catalina.startup.VersionLoggerListener.log Command line argument: --add-opens=java.base/java.util=ALL-UNNAMED
10-Nov-2023 14:53:38.296 INFO [main] org.apache.catalina.startup.VersionLoggerListener.log Command line argument: --add-opens=java.base/java.util.concurrent=ALL-UNNAMED
10-Nov-2023 14:53:38.296 INFO [main] org.apache.catalina.startup.VersionLoggerListener.log Command line argument: --add-opens=java.rmi/sun.rmi.transport=ALL-UNNAMED
10-Nov-2023 14:53:38.296 INFO [main] org.apache.catalina.startup.VersionLoggerListener.log Command line argument: -Djava.util.logging.config.file=C:\tomcat\apache-tomcat-8.5.93\conf\logging.properties
10-Nov-2023 14:53:38.296 INFO [main] org.apache.catalina.startup.VersionLoggerListener.log Command line argument: -Djava.util.logging.manager=org.apache.juli.ClassLoaderLogManager
10-Nov-2023 14:53:38.296 INFO [main] org.apache.catalina.startup.VersionLoggerListener.log Command line argument: -Djdk.tls.ephemeralDHKeySize=2048
10-Nov-2023 14:53:38.296 INFO [main] org.apache.catalina.startup.VersionLoggerListener.log Command line argument: -Djava.protocol.handler.pkgs=org.apache.catalina.webresources
10-Nov-2023 14:53:38.296 INFO [main] org.apache.catalina.startup.VersionLoggerListener.log Command line argument: -Dignore.endorsed.dirs=
10-Nov-2023 14:53:38.296 INFO [main] org.apache.catalina.startup.VersionLoggerListener.log Command line argument: -Dcatalina.base=C:\tomcat\apache-tomcat-8.5.93
10-Nov-2023 14:53:38.302 INFO [main] org.apache.catalina.startup.VersionLoggerListener.log Command line argument: -Dcatalina.home=C:\tomcat\apache-tomcat-8.5.93
10-Nov-2023 14:53:38.302 INFO [main] org.apache.catalina.startup.VersionLoggerListener.log Command line argument: -Djava.io.tmpdir=C:\tomcat\apache-tomcat-8.5.93\temp
10-Nov-2023 14:53:38.302 INFO [main] org.apache.catalina.core.AprLifecycleListener.lifecycleEvent Loaded Apache Tomcat Native library [1.2.38] using APR version [1.7.4].
10-Nov-2023 14:53:38.302 INFO [main] org.apache.catalina.core.AprLifecycleListener.lifecycleEvent APR capabilities: IPv6 [true], sendfile [true], accept filters [false], random [true], UDS [{4}].
10-Nov-2023 14:53:38.302 INFO [main] org.apache.catalina.core.AprLifecycleListener.lifecycleEvent APR/OpenSSL configuration: useAprConnector [false], useOpenSSL [true]
10-Nov-2023 14:53:38.443 INFO [main] org.apache.catalina.core.AprLifecycleListener.initializeSSL OpenSSL successfully initialized [OpenSSL 1.1.1v  1 Aug 2023]
10-Nov-2023 14:53:38.509 INFO [main] org.apache.coyote.AbstractProtocol.init Initializing ProtocolHandler ["http-nio-8080"]
10-Nov-2023 14:53:38.543 INFO [main] org.apache.catalina.startup.Catalina.load Initialization processed in 812 ms
10-Nov-2023 14:53:38.625 INFO [main] org.apache.catalina.core.StandardService.startInternal Starting service [Catalina]
10-Nov-2023 14:53:38.626 INFO [main] org.apache.catalina.core.StandardEngine.startInternal Starting Servlet engine: [Apache Tomcat/8.5.93]
10-Nov-2023 14:53:38.628 INFO [localhost-startStop-1] org.apache.catalina.startup.HostConfig.deployDescriptor Deploying deployment descriptor [C:\tomcat\apache-tomcat-8.5.93\conf\Catalina\localhost\ProjetoExemploSpringMVC.xml]
10-Nov-2023 14:53:41.224 INFO [localhost-startStop-1] org.apache.jasper.servlet.TldScanner.scanJars At least one JAR was scanned for TLDs yet contained no TLDs. Enable debug logging for this logger for a complete list of JARs that were scanned but no TLDs were found in them. Skipping unneeded JARs during scanning can improve startup time and JSP compilation time.
10-Nov-2023 14:53:41.315 INFO [localhost-startStop-1] org.springframework.web.context.ContextLoader.initWebApplicationContext Root WebApplicationContext: initialization started
10-Nov-2023 14:53:41.646 INFO [localhost-startStop-1] org.springframework.web.context.ContextLoader.initWebApplicationContext Root WebApplicationContext initialized in 331 ms
10-Nov-2023 14:53:41.714 INFO [localhost-startStop-1] org.springframework.web.servlet.FrameworkServlet.initServletBean Initializing Servlet 'dispatcher'
10-Nov-2023 14:53:42.110 INFO [localhost-startStop-1] org.springframework.web.servlet.FrameworkServlet.initServletBean Completed initialization in 396 ms
10-Nov-2023 14:53:42.121 INFO [localhost-startStop-1] org.apache.catalina.startup.HostConfig.deployDescriptor Deployment of deployment descriptor [C:\tomcat\apache-tomcat-8.5.93\conf\Catalina\localhost\ProjetoExemploSpringMVC.xml] has finished in [3,493] ms
10-Nov-2023 14:53:42.122 INFO [localhost-startStop-1] org.apache.catalina.startup.HostConfig.deployDescriptor Deploying deployment descriptor [C:\tomcat\apache-tomcat-8.5.93\conf\Catalina\localhost\ProjetoJDNI_Tomcat.xml]
10-Nov-2023 14:53:42.129 SEVERE [localhost-startStop-1] org.apache.catalina.core.ContainerBase.addChildInternal ContainerBase.addChild: start: 
	org.apache.catalina.LifecycleException: Failed to start component [org.apache.catalina.webresources.StandardRoot@565a61da]
		at org.apache.catalina.util.LifecycleBase.handleSubClassException(LifecycleBase.java:419)
		at org.apache.catalina.util.LifecycleBase.start(LifecycleBase.java:186)
		at org.apache.catalina.core.StandardContext.resourcesStart(StandardContext.java:4554)
		at org.apache.catalina.core.StandardContext.startInternal(StandardContext.java:4692)
		at org.apache.catalina.util.LifecycleBase.start(LifecycleBase.java:171)
		at org.apache.catalina.core.ContainerBase.addChildInternal(ContainerBase.java:710)
		at org.apache.catalina.core.ContainerBase.addChild(ContainerBase.java:687)
		at org.apache.catalina.core.StandardHost.addChild(StandardHost.java:661)
		at org.apache.catalina.startup.HostConfig.deployDescriptor(HostConfig.java:673)
		at org.apache.catalina.startup.HostConfig$DeployDescriptor.run(HostConfig.java:1881)
		at java.base/java.util.concurrent.Executors$RunnableAdapter.call(Executors.java:539)
		at java.base/java.util.concurrent.FutureTask.run(FutureTask.java:264)
		at java.base/java.util.concurrent.ThreadPoolExecutor.runWorker(ThreadPoolExecutor.java:1136)
		at java.base/java.util.concurrent.ThreadPoolExecutor$Worker.run(ThreadPoolExecutor.java:635)
		at java.base/java.lang.Thread.run(Thread.java:833)
	Caused by: java.lang.IllegalArgumentException: The main resource set specified [C:\Users\leomi\Desktop\A\ProjetoJDNI_Tomcat\build\web] is not a directory or war file, or is not readable (it does not exist or permissions to access it are missing)
		at org.apache.catalina.webresources.StandardRoot.createMainResourceSet(StandardRoot.java:720)
		at org.apache.catalina.webresources.StandardRoot.startInternal(StandardRoot.java:678)
		at org.apache.catalina.util.LifecycleBase.start(LifecycleBase.java:171)
		... 13 more
10-Nov-2023 14:53:42.130 SEVERE [localhost-startStop-1] org.apache.catalina.startup.HostConfig.deployDescriptor Error deploying deployment descriptor [C:\tomcat\apache-tomcat-8.5.93\conf\Catalina\localhost\ProjetoJDNI_Tomcat.xml]
	java.lang.IllegalStateException: Error starting child
		at org.apache.catalina.core.ContainerBase.addChildInternal(ContainerBase.java:714)
		at org.apache.catalina.core.ContainerBase.addChild(ContainerBase.java:687)
		at org.apache.catalina.core.StandardHost.addChild(StandardHost.java:661)
		at org.apache.catalina.startup.HostConfig.deployDescriptor(HostConfig.java:673)
		at org.apache.catalina.startup.HostConfig$DeployDescriptor.run(HostConfig.java:1881)
		at java.base/java.util.concurrent.Executors$RunnableAdapter.call(Executors.java:539)
		at java.base/java.util.concurrent.FutureTask.run(FutureTask.java:264)
		at java.base/java.util.concurrent.ThreadPoolExecutor.runWorker(ThreadPoolExecutor.java:1136)
		at java.base/java.util.concurrent.ThreadPoolExecutor$Worker.run(ThreadPoolExecutor.java:635)
		at java.base/java.lang.Thread.run(Thread.java:833)
	Caused by: org.apache.catalina.LifecycleException: Failed to start component [org.apache.catalina.webresources.StandardRoot@565a61da]
		at org.apache.catalina.util.LifecycleBase.handleSubClassException(LifecycleBase.java:419)
		at org.apache.catalina.util.LifecycleBase.start(LifecycleBase.java:186)
		at org.apache.catalina.core.StandardContext.resourcesStart(StandardContext.java:4554)
		at org.apache.catalina.core.StandardContext.startInternal(StandardContext.java:4692)
		at org.apache.catalina.util.LifecycleBase.start(LifecycleBase.java:171)
		at org.apache.catalina.core.ContainerBase.addChildInternal(ContainerBase.java:710)
		... 9 more
	Caused by: java.lang.IllegalArgumentException: The main resource set specified [C:\Users\leomi\Desktop\A\ProjetoJDNI_Tomcat\build\web] is not a directory or war file, or is not readable (it does not exist or permissions to access it are missing)
		at org.apache.catalina.webresources.StandardRoot.createMainResourceSet(StandardRoot.java:720)
		at org.apache.catalina.webresources.StandardRoot.startInternal(StandardRoot.java:678)
		at org.apache.catalina.util.LifecycleBase.start(LifecycleBase.java:171)
		... 13 more
10-Nov-2023 14:53:42.138 INFO [localhost-startStop-1] org.apache.catalina.startup.HostConfig.deployDescriptor Deployment of deployment descriptor [C:\tomcat\apache-tomcat-8.5.93\conf\Catalina\localhost\ProjetoJDNI_Tomcat.xml] has finished in [16] ms
10-Nov-2023 14:53:42.138 INFO [localhost-startStop-1] org.apache.catalina.startup.HostConfig.deployDescriptor Deploying deployment descriptor [C:\tomcat\apache-tomcat-8.5.93\conf\Catalina\localhost\ProjetoWebJSPExemplos.xml]
10-Nov-2023 14:53:42.215 INFO [localhost-startStop-1] org.apache.catalina.startup.HostConfig.deployDescriptor Deployment of deployment descriptor [C:\tomcat\apache-tomcat-8.5.93\conf\Catalina\localhost\ProjetoWebJSPExemplos.xml] has finished in [77] ms
10-Nov-2023 14:53:42.231 INFO [localhost-startStop-1] org.apache.catalina.startup.HostConfig.deployWAR Deploying web application archive [C:\tomcat\apache-tomcat-8.5.93\webapps\teste.war]
10-Nov-2023 14:53:42.674 INFO [localhost-startStop-1] org.apache.jasper.servlet.TldScanner.scanJars At least one JAR was scanned for TLDs yet contained no TLDs. Enable debug logging for this logger for a complete list of JARs that were scanned but no TLDs were found in them. Skipping unneeded JARs during scanning can improve startup time and JSP compilation time.
10-Nov-2023 14:53:42.677 INFO [localhost-startStop-1] org.apache.catalina.startup.HostConfig.deployWAR Deployment of web application archive [C:\tomcat\apache-tomcat-8.5.93\webapps\teste.war] has finished in [446] ms
10-Nov-2023 14:53:42.678 INFO [localhost-startStop-1] org.apache.catalina.startup.HostConfig.deployDirectory Deploying web application directory [C:\tomcat\apache-tomcat-8.5.93\webapps\docs]
10-Nov-2023 14:53:42.708 INFO [localhost-startStop-1] org.apache.catalina.startup.HostConfig.deployDirectory Deployment of web application directory [C:\tomcat\apache-tomcat-8.5.93\webapps\docs] has finished in [30] ms
10-Nov-2023 14:53:42.708 INFO [localhost-startStop-1] org.apache.catalina.startup.HostConfig.deployDirectory Deploying web application directory [C:\tomcat\apache-tomcat-8.5.93\webapps\examples]
10-Nov-2023 14:53:43.639 INFO [localhost-startStop-1] org.apache.catalina.startup.HostConfig.deployDirectory Deployment of web application directory [C:\tomcat\apache-tomcat-8.5.93\webapps\examples] has finished in [931] ms
10-Nov-2023 14:53:43.639 INFO [localhost-startStop-1] org.apache.catalina.startup.HostConfig.deployDirectory Deploying web application directory [C:\tomcat\apache-tomcat-8.5.93\webapps\host-manager]
10-Nov-2023 14:53:43.681 INFO [localhost-startStop-1] org.apache.catalina.startup.HostConfig.deployDirectory Deployment of web application directory [C:\tomcat\apache-tomcat-8.5.93\webapps\host-manager] has finished in [42] ms
10-Nov-2023 14:53:43.681 INFO [localhost-startStop-1] org.apache.catalina.startup.HostConfig.deployDirectory Deploying web application directory [C:\tomcat\apache-tomcat-8.5.93\webapps\manager]
10-Nov-2023 14:53:43.731 INFO [localhost-startStop-1] org.apache.catalina.startup.HostConfig.deployDirectory Deployment of web application directory [C:\tomcat\apache-tomcat-8.5.93\webapps\manager] has finished in [50] ms
10-Nov-2023 14:53:43.731 INFO [localhost-startStop-1] org.apache.catalina.startup.HostConfig.deployDirectory Deploying web application directory [C:\tomcat\apache-tomcat-8.5.93\webapps\ROOT]
10-Nov-2023 14:53:43.757 INFO [localhost-startStop-1] org.apache.catalina.startup.HostConfig.deployDirectory Deployment of web application directory [C:\tomcat\apache-tomcat-8.5.93\webapps\ROOT] has finished in [26] ms
10-Nov-2023 14:53:43.759 INFO [main] org.apache.coyote.AbstractProtocol.start Starting ProtocolHandler ["http-nio-8080"]
10-Nov-2023 14:53:43.821 INFO [main] org.apache.catalina.startup.Catalina.start Server startup in 5275 ms
10-Nov-2023 14:53:47.054 INFO [http-nio-8080-exec-2] org.apache.catalina.startup.HostConfig.deployDescriptor Deploying deployment descriptor [C:\tomcat\apache-tomcat-8.5.93\conf\Catalina\localhost\AplicacaoEmCamadasWEB_MVC.xml]
10-Nov-2023 14:53:47.550 INFO [http-nio-8080-exec-2] org.apache.jasper.servlet.TldScanner.scanJars At least one JAR was scanned for TLDs yet contained no TLDs. Enable debug logging for this logger for a complete list of JARs that were scanned but no TLDs were found in them. Skipping unneeded JARs during scanning can improve startup time and JSP compilation time.
10-Nov-2023 14:53:47.554 INFO [http-nio-8080-exec-2] org.apache.catalina.startup.HostConfig.deployDescriptor Deployment of deployment descriptor [C:\tomcat\apache-tomcat-8.5.93\conf\Catalina\localhost\AplicacaoEmCamadasWEB_MVC.xml] has finished in [500] ms
10-Nov-2023 14:53:47.559 INFO [http-nio-8080-exec-3] org.apache.catalina.util.LifecycleBase.start The start() method was called on component [StandardEngine[Catalina].StandardHost[localhost].StandardContext[/AplicacaoEmCamadasWEB_MVC]] after start() had already been called. The second call will be ignored.
10-Nov-2023 14:59:21.897 INFO [http-nio-8080-exec-5] org.apache.catalina.startup.HostConfig.deployDescriptor Deploying deployment descriptor [C:\tomcat\apache-tomcat-8.5.93\conf\Catalina\localhost\ProjetoExemploServlet.xml]
10-Nov-2023 14:59:21.929 INFO [http-nio-8080-exec-5] org.apache.catalina.startup.HostConfig.deployDescriptor Deployment of deployment descriptor [C:\tomcat\apache-tomcat-8.5.93\conf\Catalina\localhost\ProjetoExemploServlet.xml] has finished in [31] ms
10-Nov-2023 14:59:21.933 INFO [http-nio-8080-exec-1] org.apache.catalina.util.LifecycleBase.start The start() method was called on component [StandardEngine[Catalina].StandardHost[localhost].StandardContext[/ProjetoExemploServlet]] after start() had already been called. The second call will be ignored.
10-Nov-2023 15:11:17.075 INFO [http-nio-8080-exec-5] org.apache.catalina.core.StandardContext.reload Reloading Context with name [/ProjetoExemploServlet] has started
10-Nov-2023 15:11:17.167 INFO [http-nio-8080-exec-5] org.apache.catalina.core.StandardContext.reload Reloading Context with name [/ProjetoExemploServlet] is completed
10-Nov-2023 15:11:17.322 INFO [http-nio-8080-exec-9] org.apache.catalina.core.StandardContext.reload Reloading Context with name [/ProjetoExemploServlet] has started
10-Nov-2023 15:11:17.382 INFO [http-nio-8080-exec-9] org.apache.catalina.core.StandardContext.reload Reloading Context with name [/ProjetoExemploServlet] is completed
10-Nov-2023 15:11:27.432 INFO [http-nio-8080-exec-4] org.apache.catalina.core.StandardContext.reload Reloading Context with name [/ProjetoExemploServlet] has started
10-Nov-2023 15:11:27.482 INFO [http-nio-8080-exec-4] org.apache.catalina.core.StandardContext.reload Reloading Context with name [/ProjetoExemploServlet] is completed
10-Nov-2023 15:12:06.561 INFO [http-nio-8080-exec-9] org.apache.catalina.core.StandardContext.reload Reloading Context with name [/ProjetoExemploServlet] has started
10-Nov-2023 15:12:06.603 INFO [http-nio-8080-exec-9] org.apache.catalina.core.StandardContext.reload Reloading Context with name [/ProjetoExemploServlet] is completed
10-Nov-2023 15:13:29.079 INFO [http-nio-8080-exec-1] org.apache.catalina.core.StandardContext.reload Reloading Context with name [/ProjetoExemploServlet] has started
10-Nov-2023 15:13:29.102 INFO [http-nio-8080-exec-1] org.apache.catalina.core.StandardContext.reload Reloading Context with name [/ProjetoExemploServlet] is completed
10-Nov-2023 15:14:26.329 INFO [http-nio-8080-exec-15] org.apache.catalina.core.StandardContext.reload Reloading Context with name [/ProjetoExemploServlet] has started
10-Nov-2023 15:14:26.362 INFO [http-nio-8080-exec-15] org.apache.catalina.core.StandardContext.reload Reloading Context with name [/ProjetoExemploServlet] is completed
10-Nov-2023 15:15:13.594 INFO [http-nio-8080-exec-9] org.apache.catalina.core.StandardContext.reload Reloading Context with name [/ProjetoExemploServlet] has started
10-Nov-2023 15:15:13.644 INFO [http-nio-8080-exec-9] org.apache.catalina.core.StandardContext.reload Reloading Context with name [/ProjetoExemploServlet] is completed
10-Nov-2023 15:15:32.669 INFO [http-nio-8080-exec-18] org.apache.catalina.core.StandardContext.reload Reloading Context with name [/ProjetoExemploServlet] has started
10-Nov-2023 15:15:32.702 INFO [http-nio-8080-exec-18] org.apache.catalina.core.StandardContext.reload Reloading Context with name [/ProjetoExemploServlet] is completed
10-Nov-2023 15:17:14.906 INFO [http-nio-8080-exec-17] org.apache.catalina.core.StandardContext.reload Reloading Context with name [/ProjetoExemploServlet] has started
10-Nov-2023 15:17:14.938 INFO [http-nio-8080-exec-17] org.apache.catalina.core.StandardContext.reload Reloading Context with name [/ProjetoExemploServlet] is completed
10-Nov-2023 15:17:36.390 INFO [http-nio-8080-exec-19] org.apache.catalina.core.StandardContext.reload Reloading Context with name [/ProjetoExemploServlet] has started
10-Nov-2023 15:17:36.420 INFO [http-nio-8080-exec-19] org.apache.catalina.core.StandardContext.reload Reloading Context with name [/ProjetoExemploServlet] is completed
10-Nov-2023 15:18:09.870 INFO [http-nio-8080-exec-20] org.apache.catalina.core.StandardContext.reload Reloading Context with name [/ProjetoExemploServlet] has started
10-Nov-2023 15:18:09.903 INFO [http-nio-8080-exec-20] org.apache.catalina.core.StandardContext.reload Reloading Context with name [/ProjetoExemploServlet] is completed
10-Nov-2023 15:19:49.891 INFO [http-nio-8080-exec-21] org.apache.catalina.core.StandardContext.reload Reloading Context with name [/ProjetoExemploServlet] has started
10-Nov-2023 15:19:49.933 INFO [http-nio-8080-exec-21] org.apache.catalina.core.StandardContext.reload Reloading Context with name [/ProjetoExemploServlet] is completed
10-Nov-2023 15:19:55.198 INFO [http-nio-8080-exec-23] org.apache.catalina.core.StandardContext.reload Reloading Context with name [/ProjetoExemploServlet] has started
10-Nov-2023 15:19:55.244 INFO [http-nio-8080-exec-23] org.apache.catalina.core.StandardContext.reload Reloading Context with name [/ProjetoExemploServlet] is completed
10-Nov-2023 15:42:30.756 INFO [http-nio-8080-exec-32] org.apache.catalina.core.StandardContext.reload Reloading Context with name [/ProjetoExemploServlet] has started
10-Nov-2023 15:42:30.798 INFO [http-nio-8080-exec-32] org.apache.catalina.core.StandardContext.reload Reloading Context with name [/ProjetoExemploServlet] is completed
10-Nov-2023 15:43:08.439 INFO [http-nio-8080-exec-27] org.apache.catalina.core.StandardContext.reload Reloading Context with name [/ProjetoExemploServlet] has started
10-Nov-2023 15:43:08.480 INFO [http-nio-8080-exec-27] org.apache.catalina.core.StandardContext.reload Reloading Context with name [/ProjetoExemploServlet] is completed
10-Nov-2023 15:44:49.654 INFO [http-nio-8080-exec-30] org.apache.catalina.core.StandardContext.reload Reloading Context with name [/ProjetoExemploServlet] has started
10-Nov-2023 15:44:49.691 INFO [http-nio-8080-exec-30] org.apache.catalina.core.StandardContext.reload Reloading Context with name [/ProjetoExemploServlet] is completed
10-Nov-2023 15:49:29.543 INFO [http-nio-8080-exec-45] org.apache.catalina.core.StandardContext.reload Reloading Context with name [/ProjetoExemploServlet] has started
10-Nov-2023 15:49:29.592 INFO [http-nio-8080-exec-45] org.apache.catalina.core.StandardContext.reload Reloading Context with name [/ProjetoExemploServlet] is completed
10-Nov-2023 15:49:29.703 INFO [http-nio-8080-exec-44] org.apache.catalina.core.StandardContext.reload Reloading Context with name [/ProjetoExemploServlet] has started
10-Nov-2023 15:49:29.737 INFO [http-nio-8080-exec-44] org.apache.catalina.core.StandardContext.reload Reloading Context with name [/ProjetoExemploServlet] is completed
10-Nov-2023 16:09:13.097 INFO [main] org.apache.catalina.core.StandardServer.await A valid shutdown command was received via the shutdown port. Stopping the Server instance.
10-Nov-2023 16:09:13.097 INFO [main] org.apache.coyote.AbstractProtocol.pause Pausing ProtocolHandler ["http-nio-8080"]
10-Nov-2023 16:09:13.108 INFO [main] org.apache.catalina.core.StandardService.stopInternal Stopping service [Catalina]
10-Nov-2023 16:09:13.142 INFO [main] org.apache.coyote.AbstractProtocol.stop Stopping ProtocolHandler ["http-nio-8080"]
10-Nov-2023 16:09:13.158 INFO [main] org.apache.coyote.AbstractProtocol.destroy Destroying ProtocolHandler ["http-nio-8080"]
10-Nov-2023 16:09:13.158 WARNING [main] org.apache.catalina.deploy.NamingResourcesImpl.cleanUp Failed to retrieve JNDI naming context for container [StandardEngine[Catalina].StandardHost[localhost].StandardContext[/ProjetoJDNI_Tomcat]] so no cleanup was performed for that container
	javax.naming.NamingException: No naming context bound to this class loader
		at org.apache.naming.ContextBindings.getClassLoader(ContextBindings.java:271)
		at org.apache.catalina.deploy.NamingResourcesImpl.cleanUp(NamingResourcesImpl.java:976)
		at org.apache.catalina.deploy.NamingResourcesImpl.stopInternal(NamingResourcesImpl.java:959)
		at org.apache.catalina.util.LifecycleBase.stop(LifecycleBase.java:242)
		at org.apache.catalina.core.StandardContext.stopInternal(StandardContext.java:5142)
		at org.apache.catalina.util.LifecycleBase.stop(LifecycleBase.java:242)
		at org.apache.catalina.util.LifecycleBase.destroy(LifecycleBase.java:278)
		at org.apache.catalina.core.ContainerBase.removeChild(ContainerBase.java:807)
		at org.apache.catalina.core.ContainerBase.destroyInternal(ContainerBase.java:988)
		at org.apache.catalina.util.LifecycleBase.destroy(LifecycleBase.java:306)
		at org.apache.catalina.core.ContainerBase.removeChild(ContainerBase.java:807)
		at org.apache.catalina.core.ContainerBase.destroyInternal(ContainerBase.java:988)
		at org.apache.catalina.util.LifecycleBase.destroy(LifecycleBase.java:306)
		at org.apache.catalina.core.StandardService.destroyInternal(StandardService.java:599)
		at org.apache.catalina.util.LifecycleBase.destroy(LifecycleBase.java:306)
		at org.apache.catalina.core.StandardServer.destroyInternal(StandardServer.java:862)
		at org.apache.catalina.util.LifecycleBase.destroy(LifecycleBase.java:306)
		at org.apache.catalina.startup.Catalina.stop(Catalina.java:769)
		at org.apache.catalina.startup.Catalina.start(Catalina.java:730)
		at java.base/jdk.internal.reflect.DirectMethodHandleAccessor.invoke(DirectMethodHandleAccessor.java:104)
		at java.base/java.lang.reflect.Method.invoke(Method.java:577)
		at org.apache.catalina.startup.Bootstrap.start(Bootstrap.java:347)
		at org.apache.catalina.startup.Bootstrap.main(Bootstrap.java:478)
