29-Oct-2023 21:18:37.094 INFO [main] org.apache.catalina.startup.VersionLoggerListener.log Server version name:   Apache Tomcat/8.5.93
29-Oct-2023 21:18:37.103 INFO [main] org.apache.catalina.startup.VersionLoggerListener.log Server built:          Aug 23 2023 22:43:14 UTC
29-Oct-2023 21:18:37.103 INFO [main] org.apache.catalina.startup.VersionLoggerListener.log Server version number: 8.5.93.0
29-Oct-2023 21:18:37.104 INFO [main] org.apache.catalina.startup.VersionLoggerListener.log OS Name:               Windows 11
29-Oct-2023 21:18:37.104 INFO [main] org.apache.catalina.startup.VersionLoggerListener.log OS Version:            10.0
29-Oct-2023 21:18:37.104 INFO [main] org.apache.catalina.startup.VersionLoggerListener.log Architecture:          amd64
29-Oct-2023 21:18:37.104 INFO [main] org.apache.catalina.startup.VersionLoggerListener.log Java Home:             C:\Program Files\Java\jdk-18.0.2
29-Oct-2023 21:18:37.104 INFO [main] org.apache.catalina.startup.VersionLoggerListener.log JVM Version:           18.0.2+9-61
29-Oct-2023 21:18:37.104 INFO [main] org.apache.catalina.startup.VersionLoggerListener.log JVM Vendor:            Oracle Corporation
29-Oct-2023 21:18:37.105 INFO [main] org.apache.catalina.startup.VersionLoggerListener.log CATALINA_BASE:         C:\tomcat\apache-tomcat-8.5.93
29-Oct-2023 21:18:37.106 INFO [main] org.apache.catalina.startup.VersionLoggerListener.log CATALINA_HOME:         C:\tomcat\apache-tomcat-8.5.93
29-Oct-2023 21:18:37.108 INFO [main] org.apache.catalina.startup.VersionLoggerListener.log Command line argument: --add-opens=java.base/java.lang=ALL-UNNAMED
29-Oct-2023 21:18:37.109 INFO [main] org.apache.catalina.startup.VersionLoggerListener.log Command line argument: --add-opens=java.base/java.io=ALL-UNNAMED
29-Oct-2023 21:18:37.109 INFO [main] org.apache.catalina.startup.VersionLoggerListener.log Command line argument: --add-opens=java.base/java.util=ALL-UNNAMED
29-Oct-2023 21:18:37.109 INFO [main] org.apache.catalina.startup.VersionLoggerListener.log Command line argument: --add-opens=java.base/java.util.concurrent=ALL-UNNAMED
29-Oct-2023 21:18:37.109 INFO [main] org.apache.catalina.startup.VersionLoggerListener.log Command line argument: --add-opens=java.rmi/sun.rmi.transport=ALL-UNNAMED
29-Oct-2023 21:18:37.109 INFO [main] org.apache.catalina.startup.VersionLoggerListener.log Command line argument: -Djava.util.logging.config.file=C:\tomcat\apache-tomcat-8.5.93\conf\logging.properties
29-Oct-2023 21:18:37.109 INFO [main] org.apache.catalina.startup.VersionLoggerListener.log Command line argument: -Djava.util.logging.manager=org.apache.juli.ClassLoaderLogManager
29-Oct-2023 21:18:37.109 INFO [main] org.apache.catalina.startup.VersionLoggerListener.log Command line argument: -Djdk.tls.ephemeralDHKeySize=2048
29-Oct-2023 21:18:37.110 INFO [main] org.apache.catalina.startup.VersionLoggerListener.log Command line argument: -Djava.protocol.handler.pkgs=org.apache.catalina.webresources
29-Oct-2023 21:18:37.110 INFO [main] org.apache.catalina.startup.VersionLoggerListener.log Command line argument: -Dignore.endorsed.dirs=
29-Oct-2023 21:18:37.110 INFO [main] org.apache.catalina.startup.VersionLoggerListener.log Command line argument: -Dcatalina.base=C:\tomcat\apache-tomcat-8.5.93
29-Oct-2023 21:18:37.110 INFO [main] org.apache.catalina.startup.VersionLoggerListener.log Command line argument: -Dcatalina.home=C:\tomcat\apache-tomcat-8.5.93
29-Oct-2023 21:18:37.110 INFO [main] org.apache.catalina.startup.VersionLoggerListener.log Command line argument: -Djava.io.tmpdir=C:\tomcat\apache-tomcat-8.5.93\temp
29-Oct-2023 21:18:37.110 INFO [main] org.apache.catalina.core.AprLifecycleListener.lifecycleEvent Loaded Apache Tomcat Native library [1.2.38] using APR version [1.7.4].
29-Oct-2023 21:18:37.111 INFO [main] org.apache.catalina.core.AprLifecycleListener.lifecycleEvent APR capabilities: IPv6 [true], sendfile [true], accept filters [false], random [true], UDS [{4}].
29-Oct-2023 21:18:37.111 INFO [main] org.apache.catalina.core.AprLifecycleListener.lifecycleEvent APR/OpenSSL configuration: useAprConnector [false], useOpenSSL [true]
29-Oct-2023 21:18:37.233 INFO [main] org.apache.catalina.core.AprLifecycleListener.initializeSSL OpenSSL successfully initialized [OpenSSL 1.1.1v  1 Aug 2023]
29-Oct-2023 21:18:37.406 INFO [main] org.apache.coyote.AbstractProtocol.init Initializing ProtocolHandler ["http-nio-8080"]
29-Oct-2023 21:18:37.460 INFO [main] org.apache.catalina.startup.Catalina.load Initialization processed in 1105 ms
29-Oct-2023 21:18:37.569 INFO [main] org.apache.catalina.core.StandardService.startInternal Starting service [Catalina]
29-Oct-2023 21:18:37.569 INFO [main] org.apache.catalina.core.StandardEngine.startInternal Starting Servlet engine: [Apache Tomcat/8.5.93]
29-Oct-2023 21:18:37.601 INFO [localhost-startStop-1] org.apache.catalina.startup.HostConfig.deployDescriptor Deploying deployment descriptor [C:\tomcat\apache-tomcat-8.5.93\conf\Catalina\localhost\ProjetoExemploSpringMVC.xml]
29-Oct-2023 21:18:40.780 INFO [localhost-startStop-1] org.apache.jasper.servlet.TldScanner.scanJars At least one JAR was scanned for TLDs yet contained no TLDs. Enable debug logging for this logger for a complete list of JARs that were scanned but no TLDs were found in them. Skipping unneeded JARs during scanning can improve startup time and JSP compilation time.
29-Oct-2023 21:18:40.861 INFO [localhost-startStop-1] org.springframework.web.context.ContextLoader.initWebApplicationContext Root WebApplicationContext: initialization started
29-Oct-2023 21:18:41.175 INFO [localhost-startStop-1] org.springframework.web.context.ContextLoader.initWebApplicationContext Root WebApplicationContext initialized in 314 ms
29-Oct-2023 21:18:41.239 INFO [localhost-startStop-1] org.springframework.web.servlet.FrameworkServlet.initServletBean Initializing Servlet 'dispatcher'
29-Oct-2023 21:18:41.623 INFO [localhost-startStop-1] org.springframework.web.servlet.FrameworkServlet.initServletBean Completed initialization in 383 ms
29-Oct-2023 21:18:41.632 INFO [localhost-startStop-1] org.apache.catalina.startup.HostConfig.deployDescriptor Deployment of deployment descriptor [C:\tomcat\apache-tomcat-8.5.93\conf\Catalina\localhost\ProjetoExemploSpringMVC.xml] has finished in [4,031] ms
29-Oct-2023 21:18:41.632 INFO [localhost-startStop-1] org.apache.catalina.startup.HostConfig.deployDescriptor Deploying deployment descriptor [C:\tomcat\apache-tomcat-8.5.93\conf\Catalina\localhost\ProjetoJDNI_Tomcat.xml]
29-Oct-2023 21:18:42.057 INFO [localhost-startStop-1] org.apache.jasper.servlet.TldScanner.scanJars At least one JAR was scanned for TLDs yet contained no TLDs. Enable debug logging for this logger for a complete list of JARs that were scanned but no TLDs were found in them. Skipping unneeded JARs during scanning can improve startup time and JSP compilation time.
29-Oct-2023 21:18:42.060 INFO [localhost-startStop-1] org.apache.catalina.startup.HostConfig.deployDescriptor Deployment of deployment descriptor [C:\tomcat\apache-tomcat-8.5.93\conf\Catalina\localhost\ProjetoJDNI_Tomcat.xml] has finished in [427] ms
29-Oct-2023 21:18:42.061 INFO [localhost-startStop-1] org.apache.catalina.startup.HostConfig.deployDescriptor Deploying deployment descriptor [C:\tomcat\apache-tomcat-8.5.93\conf\Catalina\localhost\ProjetoWebJSPExemplos.xml]
29-Oct-2023 21:18:42.113 INFO [localhost-startStop-1] org.apache.catalina.startup.HostConfig.deployDescriptor Deployment of deployment descriptor [C:\tomcat\apache-tomcat-8.5.93\conf\Catalina\localhost\ProjetoWebJSPExemplos.xml] has finished in [53] ms
29-Oct-2023 21:18:42.114 INFO [localhost-startStop-1] org.apache.catalina.startup.HostConfig.deployWAR Deploying web application archive [C:\tomcat\apache-tomcat-8.5.93\webapps\teste.war]
29-Oct-2023 21:18:42.469 INFO [localhost-startStop-1] org.apache.jasper.servlet.TldScanner.scanJars At least one JAR was scanned for TLDs yet contained no TLDs. Enable debug logging for this logger for a complete list of JARs that were scanned but no TLDs were found in them. Skipping unneeded JARs during scanning can improve startup time and JSP compilation time.
29-Oct-2023 21:18:42.472 INFO [localhost-startStop-1] org.apache.catalina.startup.HostConfig.deployWAR Deployment of web application archive [C:\tomcat\apache-tomcat-8.5.93\webapps\teste.war] has finished in [358] ms
29-Oct-2023 21:18:42.473 INFO [localhost-startStop-1] org.apache.catalina.startup.HostConfig.deployDirectory Deploying web application directory [C:\tomcat\apache-tomcat-8.5.93\webapps\docs]
29-Oct-2023 21:18:42.502 INFO [localhost-startStop-1] org.apache.catalina.startup.HostConfig.deployDirectory Deployment of web application directory [C:\tomcat\apache-tomcat-8.5.93\webapps\docs] has finished in [28] ms
29-Oct-2023 21:18:42.502 INFO [localhost-startStop-1] org.apache.catalina.startup.HostConfig.deployDirectory Deploying web application directory [C:\tomcat\apache-tomcat-8.5.93\webapps\examples]
29-Oct-2023 21:18:43.153 INFO [localhost-startStop-1] org.apache.catalina.startup.HostConfig.deployDirectory Deployment of web application directory [C:\tomcat\apache-tomcat-8.5.93\webapps\examples] has finished in [650] ms
29-Oct-2023 21:18:43.153 INFO [localhost-startStop-1] org.apache.catalina.startup.HostConfig.deployDirectory Deploying web application directory [C:\tomcat\apache-tomcat-8.5.93\webapps\host-manager]
29-Oct-2023 21:18:43.196 INFO [localhost-startStop-1] org.apache.catalina.startup.HostConfig.deployDirectory Deployment of web application directory [C:\tomcat\apache-tomcat-8.5.93\webapps\host-manager] has finished in [43] ms
29-Oct-2023 21:18:43.197 INFO [localhost-startStop-1] org.apache.catalina.startup.HostConfig.deployDirectory Deploying web application directory [C:\tomcat\apache-tomcat-8.5.93\webapps\manager]
29-Oct-2023 21:18:43.255 INFO [localhost-startStop-1] org.apache.catalina.startup.HostConfig.deployDirectory Deployment of web application directory [C:\tomcat\apache-tomcat-8.5.93\webapps\manager] has finished in [57] ms
29-Oct-2023 21:18:43.255 INFO [localhost-startStop-1] org.apache.catalina.startup.HostConfig.deployDirectory Deploying web application directory [C:\tomcat\apache-tomcat-8.5.93\webapps\ROOT]
29-Oct-2023 21:18:43.272 INFO [localhost-startStop-1] org.apache.catalina.startup.HostConfig.deployDirectory Deployment of web application directory [C:\tomcat\apache-tomcat-8.5.93\webapps\ROOT] has finished in [17] ms
29-Oct-2023 21:18:43.274 INFO [main] org.apache.coyote.AbstractProtocol.start Starting ProtocolHandler ["http-nio-8080"]
29-Oct-2023 21:18:43.327 INFO [main] org.apache.catalina.startup.Catalina.start Server startup in 5864 ms
29-Oct-2023 23:28:27.702 INFO [http-nio-8080-exec-2] org.apache.catalina.core.StandardContext.reload Reloading Context with name [/ProjetoWebJSPExemplos] has started
29-Oct-2023 23:28:27.802 INFO [http-nio-8080-exec-2] org.apache.catalina.core.StandardContext.reload Reloading Context with name [/ProjetoWebJSPExemplos] is completed
29-Oct-2023 23:28:29.822 INFO [http-nio-8080-exec-8] org.apache.catalina.core.StandardContext.reload Reloading Context with name [/ProjetoWebJSPExemplos] has started
29-Oct-2023 23:28:29.871 INFO [http-nio-8080-exec-8] org.apache.catalina.core.StandardContext.reload Reloading Context with name [/ProjetoWebJSPExemplos] is completed
29-Oct-2023 23:37:41.696 INFO [http-nio-8080-exec-21] org.apache.catalina.core.StandardContext.reload Reloading Context with name [/ProjetoWebJSPExemplos] has started
29-Oct-2023 23:37:41.729 INFO [http-nio-8080-exec-21] org.apache.catalina.core.StandardContext.reload Reloading Context with name [/ProjetoWebJSPExemplos] is completed
29-Oct-2023 23:38:32.811 INFO [http-nio-8080-exec-18] org.apache.catalina.core.StandardContext.reload Reloading Context with name [/ProjetoWebJSPExemplos] has started
29-Oct-2023 23:38:32.841 INFO [http-nio-8080-exec-18] org.apache.catalina.core.StandardContext.reload Reloading Context with name [/ProjetoWebJSPExemplos] is completed
29-Oct-2023 23:40:17.592 INFO [http-nio-8080-exec-16] org.apache.catalina.core.StandardContext.reload Reloading Context with name [/ProjetoWebJSPExemplos] has started
29-Oct-2023 23:40:17.631 INFO [http-nio-8080-exec-16] org.apache.catalina.core.StandardContext.reload Reloading Context with name [/ProjetoWebJSPExemplos] is completed
29-Oct-2023 23:40:28.877 INFO [http-nio-8080-exec-24] org.apache.catalina.core.StandardContext.reload Reloading Context with name [/ProjetoWebJSPExemplos] has started
29-Oct-2023 23:40:28.908 INFO [http-nio-8080-exec-24] org.apache.catalina.core.StandardContext.reload Reloading Context with name [/ProjetoWebJSPExemplos] is completed
29-Oct-2023 23:47:16.249 INFO [http-nio-8080-exec-29] org.apache.catalina.core.StandardContext.reload Reloading Context with name [/ProjetoWebJSPExemplos] has started
29-Oct-2023 23:47:16.288 INFO [http-nio-8080-exec-29] org.apache.catalina.core.StandardContext.reload Reloading Context with name [/ProjetoWebJSPExemplos] is completed
29-Oct-2023 23:47:25.295 INFO [main] org.apache.catalina.core.StandardServer.await A valid shutdown command was received via the shutdown port. Stopping the Server instance.
29-Oct-2023 23:47:25.296 INFO [main] org.apache.coyote.AbstractProtocol.pause Pausing ProtocolHandler ["http-nio-8080"]
29-Oct-2023 23:47:25.306 INFO [main] org.apache.catalina.core.StandardService.stopInternal Stopping service [Catalina]
29-Oct-2023 23:47:25.346 INFO [main] org.apache.coyote.AbstractProtocol.stop Stopping ProtocolHandler ["http-nio-8080"]
29-Oct-2023 23:47:25.362 INFO [main] org.apache.coyote.AbstractProtocol.destroy Destroying ProtocolHandler ["http-nio-8080"]
