28-Oct-2023 13:29:22.772 INFO [main] org.apache.catalina.startup.VersionLoggerListener.log Server version name:   Apache Tomcat/8.5.93
28-Oct-2023 13:29:22.774 INFO [main] org.apache.catalina.startup.VersionLoggerListener.log Server built:          Aug 23 2023 22:43:14 UTC
28-Oct-2023 13:29:22.775 INFO [main] org.apache.catalina.startup.VersionLoggerListener.log Server version number: 8.5.93.0
28-Oct-2023 13:29:22.775 INFO [main] org.apache.catalina.startup.VersionLoggerListener.log OS Name:               Windows 11
28-Oct-2023 13:29:22.775 INFO [main] org.apache.catalina.startup.VersionLoggerListener.log OS Version:            10.0
28-Oct-2023 13:29:22.775 INFO [main] org.apache.catalina.startup.VersionLoggerListener.log Architecture:          amd64
28-Oct-2023 13:29:22.775 INFO [main] org.apache.catalina.startup.VersionLoggerListener.log Java Home:             C:\Program Files\Java\jdk-18.0.2
28-Oct-2023 13:29:22.775 INFO [main] org.apache.catalina.startup.VersionLoggerListener.log JVM Version:           18.0.2+9-61
28-Oct-2023 13:29:22.775 INFO [main] org.apache.catalina.startup.VersionLoggerListener.log JVM Vendor:            Oracle Corporation
28-Oct-2023 13:29:22.775 INFO [main] org.apache.catalina.startup.VersionLoggerListener.log CATALINA_BASE:         C:\tomcat\apache-tomcat-8.5.93
28-Oct-2023 13:29:22.775 INFO [main] org.apache.catalina.startup.VersionLoggerListener.log CATALINA_HOME:         C:\tomcat\apache-tomcat-8.5.93
28-Oct-2023 13:29:22.776 INFO [main] org.apache.catalina.startup.VersionLoggerListener.log Command line argument: --add-opens=java.base/java.lang=ALL-UNNAMED
28-Oct-2023 13:29:22.776 INFO [main] org.apache.catalina.startup.VersionLoggerListener.log Command line argument: --add-opens=java.base/java.io=ALL-UNNAMED
28-Oct-2023 13:29:22.776 INFO [main] org.apache.catalina.startup.VersionLoggerListener.log Command line argument: --add-opens=java.base/java.util=ALL-UNNAMED
28-Oct-2023 13:29:22.776 INFO [main] org.apache.catalina.startup.VersionLoggerListener.log Command line argument: --add-opens=java.base/java.util.concurrent=ALL-UNNAMED
28-Oct-2023 13:29:22.777 INFO [main] org.apache.catalina.startup.VersionLoggerListener.log Command line argument: --add-opens=java.rmi/sun.rmi.transport=ALL-UNNAMED
28-Oct-2023 13:29:22.777 INFO [main] org.apache.catalina.startup.VersionLoggerListener.log Command line argument: -Djava.util.logging.config.file=C:\tomcat\apache-tomcat-8.5.93\conf\logging.properties
28-Oct-2023 13:29:22.777 INFO [main] org.apache.catalina.startup.VersionLoggerListener.log Command line argument: -Djava.util.logging.manager=org.apache.juli.ClassLoaderLogManager
28-Oct-2023 13:29:22.777 INFO [main] org.apache.catalina.startup.VersionLoggerListener.log Command line argument: -Djdk.tls.ephemeralDHKeySize=2048
28-Oct-2023 13:29:22.777 INFO [main] org.apache.catalina.startup.VersionLoggerListener.log Command line argument: -Djava.protocol.handler.pkgs=org.apache.catalina.webresources
28-Oct-2023 13:29:22.777 INFO [main] org.apache.catalina.startup.VersionLoggerListener.log Command line argument: -Dignore.endorsed.dirs=
28-Oct-2023 13:29:22.777 INFO [main] org.apache.catalina.startup.VersionLoggerListener.log Command line argument: -Dcatalina.base=C:\tomcat\apache-tomcat-8.5.93
28-Oct-2023 13:29:22.777 INFO [main] org.apache.catalina.startup.VersionLoggerListener.log Command line argument: -Dcatalina.home=C:\tomcat\apache-tomcat-8.5.93
28-Oct-2023 13:29:22.778 INFO [main] org.apache.catalina.startup.VersionLoggerListener.log Command line argument: -Djava.io.tmpdir=C:\tomcat\apache-tomcat-8.5.93\temp
28-Oct-2023 13:29:22.778 INFO [main] org.apache.catalina.core.AprLifecycleListener.lifecycleEvent Loaded Apache Tomcat Native library [1.2.38] using APR version [1.7.4].
28-Oct-2023 13:29:22.778 INFO [main] org.apache.catalina.core.AprLifecycleListener.lifecycleEvent APR capabilities: IPv6 [true], sendfile [true], accept filters [false], random [true], UDS [{4}].
28-Oct-2023 13:29:22.778 INFO [main] org.apache.catalina.core.AprLifecycleListener.lifecycleEvent APR/OpenSSL configuration: useAprConnector [false], useOpenSSL [true]
28-Oct-2023 13:29:22.820 INFO [main] org.apache.catalina.core.AprLifecycleListener.initializeSSL OpenSSL successfully initialized [OpenSSL 1.1.1v  1 Aug 2023]
28-Oct-2023 13:29:22.889 INFO [main] org.apache.coyote.AbstractProtocol.init Initializing ProtocolHandler ["http-nio-8080"]
28-Oct-2023 13:29:22.912 INFO [main] org.apache.catalina.startup.Catalina.load Initialization processed in 673 ms
28-Oct-2023 13:29:22.966 INFO [main] org.apache.catalina.core.StandardService.startInternal Starting service [Catalina]
28-Oct-2023 13:29:22.967 INFO [main] org.apache.catalina.core.StandardEngine.startInternal Starting Servlet engine: [Apache Tomcat/8.5.93]
28-Oct-2023 13:29:22.970 INFO [localhost-startStop-1] org.apache.catalina.startup.HostConfig.deployDescriptor Deploying deployment descriptor [C:\tomcat\apache-tomcat-8.5.93\conf\Catalina\localhost\ProjetoExemploSpringMVC.xml]
28-Oct-2023 13:29:26.583 INFO [localhost-startStop-1] org.apache.jasper.servlet.TldScanner.scanJars At least one JAR was scanned for TLDs yet contained no TLDs. Enable debug logging for this logger for a complete list of JARs that were scanned but no TLDs were found in them. Skipping unneeded JARs during scanning can improve startup time and JSP compilation time.
28-Oct-2023 13:29:26.682 INFO [localhost-startStop-1] org.springframework.web.context.ContextLoader.initWebApplicationContext Root WebApplicationContext: initialization started
28-Oct-2023 13:29:27.078 INFO [localhost-startStop-1] org.springframework.web.context.ContextLoader.initWebApplicationContext Root WebApplicationContext initialized in 396 ms
28-Oct-2023 13:29:27.142 INFO [localhost-startStop-1] org.springframework.web.servlet.FrameworkServlet.initServletBean Initializing Servlet 'dispatcher'
28-Oct-2023 13:29:27.612 INFO [localhost-startStop-1] org.springframework.web.servlet.FrameworkServlet.initServletBean Completed initialization in 470 ms
28-Oct-2023 13:29:27.626 INFO [localhost-startStop-1] org.apache.catalina.startup.HostConfig.deployDescriptor Deployment of deployment descriptor [C:\tomcat\apache-tomcat-8.5.93\conf\Catalina\localhost\ProjetoExemploSpringMVC.xml] has finished in [4,656] ms
28-Oct-2023 13:29:27.627 INFO [localhost-startStop-1] org.apache.catalina.startup.HostConfig.deployDescriptor Deploying deployment descriptor [C:\tomcat\apache-tomcat-8.5.93\conf\Catalina\localhost\ProjetoJDNI_Tomcat.xml]
28-Oct-2023 13:29:28.140 INFO [localhost-startStop-1] org.apache.jasper.servlet.TldScanner.scanJars At least one JAR was scanned for TLDs yet contained no TLDs. Enable debug logging for this logger for a complete list of JARs that were scanned but no TLDs were found in them. Skipping unneeded JARs during scanning can improve startup time and JSP compilation time.
28-Oct-2023 13:29:28.172 INFO [localhost-startStop-1] org.apache.catalina.startup.HostConfig.deployDescriptor Deployment of deployment descriptor [C:\tomcat\apache-tomcat-8.5.93\conf\Catalina\localhost\ProjetoJDNI_Tomcat.xml] has finished in [545] ms
28-Oct-2023 13:29:28.172 INFO [localhost-startStop-1] org.apache.catalina.startup.HostConfig.deployDescriptor Deploying deployment descriptor [C:\tomcat\apache-tomcat-8.5.93\conf\Catalina\localhost\ProjetoTesteWebJSP.xml]
28-Oct-2023 13:29:28.202 INFO [localhost-startStop-1] org.apache.catalina.startup.HostConfig.deployDescriptor Deployment of deployment descriptor [C:\tomcat\apache-tomcat-8.5.93\conf\Catalina\localhost\ProjetoTesteWebJSP.xml] has finished in [30] ms
28-Oct-2023 13:29:28.202 INFO [localhost-startStop-1] org.apache.catalina.startup.HostConfig.deployWAR Deploying web application archive [C:\tomcat\apache-tomcat-8.5.93\webapps\teste.war]
28-Oct-2023 13:29:28.643 INFO [localhost-startStop-1] org.apache.jasper.servlet.TldScanner.scanJars At least one JAR was scanned for TLDs yet contained no TLDs. Enable debug logging for this logger for a complete list of JARs that were scanned but no TLDs were found in them. Skipping unneeded JARs during scanning can improve startup time and JSP compilation time.
28-Oct-2023 13:29:28.646 INFO [localhost-startStop-1] org.apache.catalina.startup.HostConfig.deployWAR Deployment of web application archive [C:\tomcat\apache-tomcat-8.5.93\webapps\teste.war] has finished in [444] ms
28-Oct-2023 13:29:28.647 INFO [localhost-startStop-1] org.apache.catalina.startup.HostConfig.deployDirectory Deploying web application directory [C:\tomcat\apache-tomcat-8.5.93\webapps\docs]
28-Oct-2023 13:29:28.682 INFO [localhost-startStop-1] org.apache.catalina.startup.HostConfig.deployDirectory Deployment of web application directory [C:\tomcat\apache-tomcat-8.5.93\webapps\docs] has finished in [35] ms
28-Oct-2023 13:29:28.682 INFO [localhost-startStop-1] org.apache.catalina.startup.HostConfig.deployDirectory Deploying web application directory [C:\tomcat\apache-tomcat-8.5.93\webapps\examples]
28-Oct-2023 13:29:29.210 INFO [localhost-startStop-1] org.apache.catalina.startup.HostConfig.deployDirectory Deployment of web application directory [C:\tomcat\apache-tomcat-8.5.93\webapps\examples] has finished in [528] ms
28-Oct-2023 13:29:29.211 INFO [localhost-startStop-1] org.apache.catalina.startup.HostConfig.deployDirectory Deploying web application directory [C:\tomcat\apache-tomcat-8.5.93\webapps\host-manager]
28-Oct-2023 13:29:29.257 INFO [localhost-startStop-1] org.apache.catalina.startup.HostConfig.deployDirectory Deployment of web application directory [C:\tomcat\apache-tomcat-8.5.93\webapps\host-manager] has finished in [46] ms
28-Oct-2023 13:29:29.257 INFO [localhost-startStop-1] org.apache.catalina.startup.HostConfig.deployDirectory Deploying web application directory [C:\tomcat\apache-tomcat-8.5.93\webapps\manager]
28-Oct-2023 13:29:29.318 INFO [localhost-startStop-1] org.apache.catalina.startup.HostConfig.deployDirectory Deployment of web application directory [C:\tomcat\apache-tomcat-8.5.93\webapps\manager] has finished in [60] ms
28-Oct-2023 13:29:29.318 INFO [localhost-startStop-1] org.apache.catalina.startup.HostConfig.deployDirectory Deploying web application directory [C:\tomcat\apache-tomcat-8.5.93\webapps\ROOT]
28-Oct-2023 13:29:29.351 INFO [localhost-startStop-1] org.apache.catalina.startup.HostConfig.deployDirectory Deployment of web application directory [C:\tomcat\apache-tomcat-8.5.93\webapps\ROOT] has finished in [33] ms
28-Oct-2023 13:29:29.355 INFO [main] org.apache.coyote.AbstractProtocol.start Starting ProtocolHandler ["http-nio-8080"]
28-Oct-2023 13:29:29.430 INFO [main] org.apache.catalina.startup.Catalina.start Server startup in 6516 ms
28-Oct-2023 15:10:32.633 INFO [http-nio-8080-exec-4] org.apache.catalina.startup.HostConfig.undeploy Undeploying context [/ProjetoTesteWebJSP]
28-Oct-2023 15:10:54.710 INFO [http-nio-8080-exec-2] org.apache.catalina.startup.HostConfig.deployDescriptor Deploying deployment descriptor [C:\tomcat\apache-tomcat-8.5.93\conf\Catalina\localhost\ProjetoWebJSPExemplos.xml]
28-Oct-2023 15:10:54.763 INFO [http-nio-8080-exec-2] org.apache.catalina.startup.HostConfig.deployDescriptor Deployment of deployment descriptor [C:\tomcat\apache-tomcat-8.5.93\conf\Catalina\localhost\ProjetoWebJSPExemplos.xml] has finished in [53] ms
28-Oct-2023 15:10:54.766 INFO [http-nio-8080-exec-3] org.apache.catalina.util.LifecycleBase.start The start() method was called on component [StandardEngine[Catalina].StandardHost[localhost].StandardContext[/ProjetoWebJSPExemplos]] after start() had already been called. The second call will be ignored.
28-Oct-2023 16:41:54.302 INFO [main] org.apache.catalina.core.StandardServer.await A valid shutdown command was received via the shutdown port. Stopping the Server instance.
28-Oct-2023 16:41:54.303 INFO [main] org.apache.coyote.AbstractProtocol.pause Pausing ProtocolHandler ["http-nio-8080"]
28-Oct-2023 16:41:54.321 INFO [main] org.apache.catalina.core.StandardService.stopInternal Stopping service [Catalina]
28-Oct-2023 16:41:54.423 INFO [main] org.apache.coyote.AbstractProtocol.stop Stopping ProtocolHandler ["http-nio-8080"]
28-Oct-2023 16:41:54.436 INFO [main] org.apache.coyote.AbstractProtocol.destroy Destroying ProtocolHandler ["http-nio-8080"]
28-Oct-2023 21:18:32.644 INFO [main] org.apache.catalina.startup.VersionLoggerListener.log Server version name:   Apache Tomcat/8.5.93
28-Oct-2023 21:18:32.648 INFO [main] org.apache.catalina.startup.VersionLoggerListener.log Server built:          Aug 23 2023 22:43:14 UTC
28-Oct-2023 21:18:32.648 INFO [main] org.apache.catalina.startup.VersionLoggerListener.log Server version number: 8.5.93.0
28-Oct-2023 21:18:32.648 INFO [main] org.apache.catalina.startup.VersionLoggerListener.log OS Name:               Windows 11
28-Oct-2023 21:18:32.649 INFO [main] org.apache.catalina.startup.VersionLoggerListener.log OS Version:            10.0
28-Oct-2023 21:18:32.649 INFO [main] org.apache.catalina.startup.VersionLoggerListener.log Architecture:          amd64
28-Oct-2023 21:18:32.649 INFO [main] org.apache.catalina.startup.VersionLoggerListener.log Java Home:             C:\Program Files\Java\jdk-18.0.2
28-Oct-2023 21:18:32.649 INFO [main] org.apache.catalina.startup.VersionLoggerListener.log JVM Version:           18.0.2+9-61
28-Oct-2023 21:18:32.649 INFO [main] org.apache.catalina.startup.VersionLoggerListener.log JVM Vendor:            Oracle Corporation
28-Oct-2023 21:18:32.650 INFO [main] org.apache.catalina.startup.VersionLoggerListener.log CATALINA_BASE:         C:\tomcat\apache-tomcat-8.5.93
28-Oct-2023 21:18:32.650 INFO [main] org.apache.catalina.startup.VersionLoggerListener.log CATALINA_HOME:         C:\tomcat\apache-tomcat-8.5.93
28-Oct-2023 21:18:32.651 INFO [main] org.apache.catalina.startup.VersionLoggerListener.log Command line argument: --add-opens=java.base/java.lang=ALL-UNNAMED
28-Oct-2023 21:18:32.651 INFO [main] org.apache.catalina.startup.VersionLoggerListener.log Command line argument: --add-opens=java.base/java.io=ALL-UNNAMED
28-Oct-2023 21:18:32.651 INFO [main] org.apache.catalina.startup.VersionLoggerListener.log Command line argument: --add-opens=java.base/java.util=ALL-UNNAMED
28-Oct-2023 21:18:32.652 INFO [main] org.apache.catalina.startup.VersionLoggerListener.log Command line argument: --add-opens=java.base/java.util.concurrent=ALL-UNNAMED
28-Oct-2023 21:18:32.652 INFO [main] org.apache.catalina.startup.VersionLoggerListener.log Command line argument: --add-opens=java.rmi/sun.rmi.transport=ALL-UNNAMED
28-Oct-2023 21:18:32.652 INFO [main] org.apache.catalina.startup.VersionLoggerListener.log Command line argument: -Djava.util.logging.config.file=C:\tomcat\apache-tomcat-8.5.93\conf\logging.properties
28-Oct-2023 21:18:32.652 INFO [main] org.apache.catalina.startup.VersionLoggerListener.log Command line argument: -Djava.util.logging.manager=org.apache.juli.ClassLoaderLogManager
28-Oct-2023 21:18:32.652 INFO [main] org.apache.catalina.startup.VersionLoggerListener.log Command line argument: -Djdk.tls.ephemeralDHKeySize=2048
28-Oct-2023 21:18:32.653 INFO [main] org.apache.catalina.startup.VersionLoggerListener.log Command line argument: -Djava.protocol.handler.pkgs=org.apache.catalina.webresources
28-Oct-2023 21:18:32.653 INFO [main] org.apache.catalina.startup.VersionLoggerListener.log Command line argument: -Dignore.endorsed.dirs=
28-Oct-2023 21:18:32.654 INFO [main] org.apache.catalina.startup.VersionLoggerListener.log Command line argument: -Dcatalina.base=C:\tomcat\apache-tomcat-8.5.93
28-Oct-2023 21:18:32.654 INFO [main] org.apache.catalina.startup.VersionLoggerListener.log Command line argument: -Dcatalina.home=C:\tomcat\apache-tomcat-8.5.93
28-Oct-2023 21:18:32.654 INFO [main] org.apache.catalina.startup.VersionLoggerListener.log Command line argument: -Djava.io.tmpdir=C:\tomcat\apache-tomcat-8.5.93\temp
28-Oct-2023 21:18:32.654 INFO [main] org.apache.catalina.core.AprLifecycleListener.lifecycleEvent Loaded Apache Tomcat Native library [1.2.38] using APR version [1.7.4].
28-Oct-2023 21:18:32.654 INFO [main] org.apache.catalina.core.AprLifecycleListener.lifecycleEvent APR capabilities: IPv6 [true], sendfile [true], accept filters [false], random [true], UDS [{4}].
28-Oct-2023 21:18:32.654 INFO [main] org.apache.catalina.core.AprLifecycleListener.lifecycleEvent APR/OpenSSL configuration: useAprConnector [false], useOpenSSL [true]
28-Oct-2023 21:18:32.705 INFO [main] org.apache.catalina.core.AprLifecycleListener.initializeSSL OpenSSL successfully initialized [OpenSSL 1.1.1v  1 Aug 2023]
28-Oct-2023 21:18:32.765 INFO [main] org.apache.coyote.AbstractProtocol.init Initializing ProtocolHandler ["http-nio-8080"]
28-Oct-2023 21:18:32.801 INFO [main] org.apache.catalina.startup.Catalina.load Initialization processed in 788 ms
28-Oct-2023 21:18:32.877 INFO [main] org.apache.catalina.core.StandardService.startInternal Starting service [Catalina]
28-Oct-2023 21:18:32.877 INFO [main] org.apache.catalina.core.StandardEngine.startInternal Starting Servlet engine: [Apache Tomcat/8.5.93]
28-Oct-2023 21:18:32.891 INFO [localhost-startStop-1] org.apache.catalina.startup.HostConfig.deployDescriptor Deploying deployment descriptor [C:\tomcat\apache-tomcat-8.5.93\conf\Catalina\localhost\ProjetoExemploSpringMVC.xml]
28-Oct-2023 21:18:35.022 INFO [localhost-startStop-1] org.apache.jasper.servlet.TldScanner.scanJars At least one JAR was scanned for TLDs yet contained no TLDs. Enable debug logging for this logger for a complete list of JARs that were scanned but no TLDs were found in them. Skipping unneeded JARs during scanning can improve startup time and JSP compilation time.
28-Oct-2023 21:18:35.106 INFO [localhost-startStop-1] org.springframework.web.context.ContextLoader.initWebApplicationContext Root WebApplicationContext: initialization started
28-Oct-2023 21:18:35.382 INFO [localhost-startStop-1] org.springframework.web.context.ContextLoader.initWebApplicationContext Root WebApplicationContext initialized in 276 ms
28-Oct-2023 21:18:35.432 INFO [localhost-startStop-1] org.springframework.web.servlet.FrameworkServlet.initServletBean Initializing Servlet 'dispatcher'
28-Oct-2023 21:18:35.779 INFO [localhost-startStop-1] org.springframework.web.servlet.FrameworkServlet.initServletBean Completed initialization in 347 ms
28-Oct-2023 21:18:35.800 INFO [localhost-startStop-1] org.apache.catalina.startup.HostConfig.deployDescriptor Deployment of deployment descriptor [C:\tomcat\apache-tomcat-8.5.93\conf\Catalina\localhost\ProjetoExemploSpringMVC.xml] has finished in [2,908] ms
28-Oct-2023 21:18:35.801 INFO [localhost-startStop-1] org.apache.catalina.startup.HostConfig.deployDescriptor Deploying deployment descriptor [C:\tomcat\apache-tomcat-8.5.93\conf\Catalina\localhost\ProjetoJDNI_Tomcat.xml]
28-Oct-2023 21:18:36.256 INFO [localhost-startStop-1] org.apache.jasper.servlet.TldScanner.scanJars At least one JAR was scanned for TLDs yet contained no TLDs. Enable debug logging for this logger for a complete list of JARs that were scanned but no TLDs were found in them. Skipping unneeded JARs during scanning can improve startup time and JSP compilation time.
28-Oct-2023 21:18:36.259 INFO [localhost-startStop-1] org.apache.catalina.startup.HostConfig.deployDescriptor Deployment of deployment descriptor [C:\tomcat\apache-tomcat-8.5.93\conf\Catalina\localhost\ProjetoJDNI_Tomcat.xml] has finished in [458] ms
28-Oct-2023 21:18:36.260 INFO [localhost-startStop-1] org.apache.catalina.startup.HostConfig.deployDescriptor Deploying deployment descriptor [C:\tomcat\apache-tomcat-8.5.93\conf\Catalina\localhost\ProjetoWebJSPExemplos.xml]
28-Oct-2023 21:18:36.300 INFO [localhost-startStop-1] org.apache.catalina.startup.HostConfig.deployDescriptor Deployment of deployment descriptor [C:\tomcat\apache-tomcat-8.5.93\conf\Catalina\localhost\ProjetoWebJSPExemplos.xml] has finished in [40] ms
28-Oct-2023 21:18:36.322 INFO [localhost-startStop-1] org.apache.catalina.startup.HostConfig.deployWAR Deploying web application archive [C:\tomcat\apache-tomcat-8.5.93\webapps\teste.war]
28-Oct-2023 21:18:36.589 INFO [localhost-startStop-1] org.apache.jasper.servlet.TldScanner.scanJars At least one JAR was scanned for TLDs yet contained no TLDs. Enable debug logging for this logger for a complete list of JARs that were scanned but no TLDs were found in them. Skipping unneeded JARs during scanning can improve startup time and JSP compilation time.
28-Oct-2023 21:18:36.592 INFO [localhost-startStop-1] org.apache.catalina.startup.HostConfig.deployWAR Deployment of web application archive [C:\tomcat\apache-tomcat-8.5.93\webapps\teste.war] has finished in [270] ms
28-Oct-2023 21:18:36.593 INFO [localhost-startStop-1] org.apache.catalina.startup.HostConfig.deployDirectory Deploying web application directory [C:\tomcat\apache-tomcat-8.5.93\webapps\docs]
28-Oct-2023 21:18:36.630 INFO [localhost-startStop-1] org.apache.catalina.startup.HostConfig.deployDirectory Deployment of web application directory [C:\tomcat\apache-tomcat-8.5.93\webapps\docs] has finished in [37] ms
28-Oct-2023 21:18:36.630 INFO [localhost-startStop-1] org.apache.catalina.startup.HostConfig.deployDirectory Deploying web application directory [C:\tomcat\apache-tomcat-8.5.93\webapps\examples]
28-Oct-2023 21:18:37.144 INFO [localhost-startStop-1] org.apache.catalina.startup.HostConfig.deployDirectory Deployment of web application directory [C:\tomcat\apache-tomcat-8.5.93\webapps\examples] has finished in [513] ms
28-Oct-2023 21:18:37.144 INFO [localhost-startStop-1] org.apache.catalina.startup.HostConfig.deployDirectory Deploying web application directory [C:\tomcat\apache-tomcat-8.5.93\webapps\host-manager]
28-Oct-2023 21:18:37.181 INFO [localhost-startStop-1] org.apache.catalina.startup.HostConfig.deployDirectory Deployment of web application directory [C:\tomcat\apache-tomcat-8.5.93\webapps\host-manager] has finished in [37] ms
28-Oct-2023 21:18:37.181 INFO [localhost-startStop-1] org.apache.catalina.startup.HostConfig.deployDirectory Deploying web application directory [C:\tomcat\apache-tomcat-8.5.93\webapps\manager]
28-Oct-2023 21:18:37.219 INFO [localhost-startStop-1] org.apache.catalina.startup.HostConfig.deployDirectory Deployment of web application directory [C:\tomcat\apache-tomcat-8.5.93\webapps\manager] has finished in [38] ms
28-Oct-2023 21:18:37.219 INFO [localhost-startStop-1] org.apache.catalina.startup.HostConfig.deployDirectory Deploying web application directory [C:\tomcat\apache-tomcat-8.5.93\webapps\ROOT]
28-Oct-2023 21:18:37.238 INFO [localhost-startStop-1] org.apache.catalina.startup.HostConfig.deployDirectory Deployment of web application directory [C:\tomcat\apache-tomcat-8.5.93\webapps\ROOT] has finished in [18] ms
28-Oct-2023 21:18:37.240 INFO [main] org.apache.coyote.AbstractProtocol.start Starting ProtocolHandler ["http-nio-8080"]
28-Oct-2023 21:18:37.270 INFO [main] org.apache.catalina.startup.Catalina.start Server startup in 4480 ms
28-Oct-2023 21:18:39.291 INFO [http-nio-8080-exec-10] org.apache.catalina.core.StandardContext.reload Reloading Context with name [/ProjetoWebJSPExemplos] has started
28-Oct-2023 21:18:39.328 INFO [http-nio-8080-exec-10] org.apache.catalina.core.StandardContext.reload Reloading Context with name [/ProjetoWebJSPExemplos] is completed
28-Oct-2023 21:21:42.068 INFO [http-nio-8080-exec-13] org.apache.catalina.core.StandardContext.reload Reloading Context with name [/ProjetoWebJSPExemplos] has started
28-Oct-2023 21:21:42.117 INFO [http-nio-8080-exec-13] org.apache.catalina.core.StandardContext.reload Reloading Context with name [/ProjetoWebJSPExemplos] is completed
28-Oct-2023 21:23:34.900 INFO [http-nio-8080-exec-20] org.apache.catalina.core.StandardContext.reload Reloading Context with name [/ProjetoWebJSPExemplos] has started
28-Oct-2023 21:23:34.942 INFO [http-nio-8080-exec-20] org.apache.catalina.core.StandardContext.reload Reloading Context with name [/ProjetoWebJSPExemplos] is completed
28-Oct-2023 21:23:50.583 INFO [main] org.apache.catalina.core.StandardServer.await A valid shutdown command was received via the shutdown port. Stopping the Server instance.
28-Oct-2023 21:23:50.583 INFO [main] org.apache.coyote.AbstractProtocol.pause Pausing ProtocolHandler ["http-nio-8080"]
28-Oct-2023 21:23:50.599 INFO [main] org.apache.catalina.core.StandardService.stopInternal Stopping service [Catalina]
28-Oct-2023 21:23:50.630 INFO [main] org.apache.coyote.AbstractProtocol.stop Stopping ProtocolHandler ["http-nio-8080"]
28-Oct-2023 21:23:50.646 INFO [main] org.apache.coyote.AbstractProtocol.destroy Destroying ProtocolHandler ["http-nio-8080"]
