29-Oct-2023 21:18:40.833 INFO [localhost-startStop-1] org.apache.catalina.core.ApplicationContext.log No Spring WebApplicationInitializer types detected on classpath
29-Oct-2023 21:18:40.846 INFO [localhost-startStop-1] org.apache.catalina.core.ApplicationContext.log Initializing Spring root WebApplicationContext
29-Oct-2023 21:18:41.239 INFO [localhost-startStop-1] org.apache.catalina.core.ApplicationContext.log Initializing Spring DispatcherServlet 'dispatcher'
29-Oct-2023 21:18:43.135 INFO [localhost-startStop-1] org.apache.catalina.core.ApplicationContext.log ContextListener: contextInitialized()
29-Oct-2023 21:18:43.136 INFO [localhost-startStop-1] org.apache.catalina.core.ApplicationContext.log SessionListener: contextInitialized()
29-Oct-2023 21:18:43.139 INFO [localhost-startStop-1] org.apache.catalina.core.ApplicationContext.log ContextListener: attributeAdded('StockTicker', 'async.Stockticker@23557008')
29-Oct-2023 22:48:14.841 SEVERE [http-nio-8080-exec-3] org.apache.catalina.core.StandardWrapperValve.invoke Servlet.service() for servlet [jsp] in context with path [/ProjetoWebJSPExemplos] threw exception [Unable to compile class for JSP: 

An error occurred at line: [14] in the jsp file: [/index3.jsp]
LocalDate cannot be resolved to a type
11:         <h2>Exemplo onde são consultados e armazanados o dia, o mes e o ano (data do servidor) e, posteriormente, os valores dessas variáveis são exibidas dentro da estrutura do html</h2>
12: 
13:         <%
14:             LocalDate dataHoje = LocalDate.now();
15: 
16:             int dia = dataHoje.getDayOfMonth();
17:             int mes = dataHoje.getMonthValue();


An error occurred at line: [14] in the jsp file: [/index3.jsp]
LocalDate cannot be resolved
11:         <h2>Exemplo onde são consultados e armazanados o dia, o mes e o ano (data do servidor) e, posteriormente, os valores dessas variáveis são exibidas dentro da estrutura do html</h2>
12: 
13:         <%
14:             LocalDate dataHoje = LocalDate.now();
15: 
16:             int dia = dataHoje.getDayOfMonth();
17:             int mes = dataHoje.getMonthValue();


Stacktrace:] with root cause
	org.apache.jasper.JasperException: Unable to compile class for JSP: 

An error occurred at line: [14] in the jsp file: [/index3.jsp]
LocalDate cannot be resolved to a type
11:         <h2>Exemplo onde são consultados e armazanados o dia, o mes e o ano (data do servidor) e, posteriormente, os valores dessas variáveis são exibidas dentro da estrutura do html</h2>
12: 
13:         <%
14:             LocalDate dataHoje = LocalDate.now();
15: 
16:             int dia = dataHoje.getDayOfMonth();
17:             int mes = dataHoje.getMonthValue();


An error occurred at line: [14] in the jsp file: [/index3.jsp]
LocalDate cannot be resolved
11:         <h2>Exemplo onde são consultados e armazanados o dia, o mes e o ano (data do servidor) e, posteriormente, os valores dessas variáveis são exibidas dentro da estrutura do html</h2>
12: 
13:         <%
14:             LocalDate dataHoje = LocalDate.now();
15: 
16:             int dia = dataHoje.getDayOfMonth();
17:             int mes = dataHoje.getMonthValue();


Stacktrace:
		at org.apache.jasper.compiler.DefaultErrorHandler.javacError(DefaultErrorHandler.java:102)
		at org.apache.jasper.compiler.ErrorDispatcher.javacError(ErrorDispatcher.java:213)
		at org.apache.jasper.compiler.JDTCompiler.generateClass(JDTCompiler.java:600)
		at org.apache.jasper.compiler.Compiler.compile(Compiler.java:381)
		at org.apache.jasper.compiler.Compiler.compile(Compiler.java:351)
		at org.apache.jasper.compiler.Compiler.compile(Compiler.java:335)
		at org.apache.jasper.JspCompilationContext.compile(JspCompilationContext.java:597)
		at org.apache.jasper.servlet.JspServletWrapper.service(JspServletWrapper.java:398)
		at org.apache.jasper.servlet.JspServlet.serviceJspFile(JspServlet.java:383)
		at org.apache.jasper.servlet.JspServlet.service(JspServlet.java:331)
		at javax.servlet.http.HttpServlet.service(HttpServlet.java:583)
		at org.apache.catalina.core.ApplicationFilterChain.internalDoFilter(ApplicationFilterChain.java:212)
		at org.apache.catalina.core.ApplicationFilterChain.doFilter(ApplicationFilterChain.java:156)
		at org.apache.tomcat.websocket.server.WsFilter.doFilter(WsFilter.java:51)
		at org.apache.catalina.core.ApplicationFilterChain.internalDoFilter(ApplicationFilterChain.java:181)
		at org.apache.catalina.core.ApplicationFilterChain.doFilter(ApplicationFilterChain.java:156)
		at org.apache.catalina.core.StandardWrapperValve.invoke(StandardWrapperValve.java:168)
		at org.apache.catalina.core.StandardContextValve.invoke(StandardContextValve.java:90)
		at org.apache.catalina.authenticator.AuthenticatorBase.invoke(AuthenticatorBase.java:483)
		at org.apache.catalina.core.StandardHostValve.invoke(StandardHostValve.java:130)
		at org.apache.catalina.valves.ErrorReportValve.invoke(ErrorReportValve.java:93)
		at org.apache.catalina.valves.AbstractAccessLogValve.invoke(AbstractAccessLogValve.java:679)
		at org.apache.catalina.core.StandardEngineValve.invoke(StandardEngineValve.java:74)
		at org.apache.catalina.connector.CoyoteAdapter.service(CoyoteAdapter.java:343)
		at org.apache.coyote.http11.Http11Processor.service(Http11Processor.java:617)
		at org.apache.coyote.AbstractProcessorLight.process(AbstractProcessorLight.java:63)
		at org.apache.coyote.AbstractProtocol$ConnectionHandler.process(AbstractProtocol.java:932)
		at org.apache.tomcat.util.net.NioEndpoint$SocketProcessor.doRun(NioEndpoint.java:1694)
		at org.apache.tomcat.util.net.SocketProcessorBase.run(SocketProcessorBase.java:52)
		at org.apache.tomcat.util.threads.ThreadPoolExecutor.runWorker(ThreadPoolExecutor.java:1191)
		at org.apache.tomcat.util.threads.ThreadPoolExecutor$Worker.run(ThreadPoolExecutor.java:659)
		at org.apache.tomcat.util.threads.TaskThread$WrappingRunnable.run(TaskThread.java:61)
		at java.base/java.lang.Thread.run(Thread.java:833)
29-Oct-2023 22:48:35.023 SEVERE [http-nio-8080-exec-1] org.apache.catalina.core.StandardWrapperValve.invoke Servlet.service() for servlet [jsp] in context with path [/ProjetoWebJSPExemplos] threw exception [Unable to compile class for JSP: 

An error occurred at line: [14] in the jsp file: [/index3.jsp]
LocalDate cannot be resolved to a type
11:         <h2>Exemplo onde são consultados e armazanados o dia, o mes e o ano (data do servidor) e, posteriormente, os valores dessas variáveis são exibidas dentro da estrutura do html</h2>
12: 
13:         <%
14:             LocalDate dataHoje = LocalDate.now();
15: 
16:             int dia = dataHoje.getDayOfMonth();
17:             int mes = dataHoje.getMonthValue();


An error occurred at line: [14] in the jsp file: [/index3.jsp]
LocalDate cannot be resolved
11:         <h2>Exemplo onde são consultados e armazanados o dia, o mes e o ano (data do servidor) e, posteriormente, os valores dessas variáveis são exibidas dentro da estrutura do html</h2>
12: 
13:         <%
14:             LocalDate dataHoje = LocalDate.now();
15: 
16:             int dia = dataHoje.getDayOfMonth();
17:             int mes = dataHoje.getMonthValue();


Stacktrace:] with root cause
	org.apache.jasper.JasperException: Unable to compile class for JSP: 

An error occurred at line: [14] in the jsp file: [/index3.jsp]
LocalDate cannot be resolved to a type
11:         <h2>Exemplo onde são consultados e armazanados o dia, o mes e o ano (data do servidor) e, posteriormente, os valores dessas variáveis são exibidas dentro da estrutura do html</h2>
12: 
13:         <%
14:             LocalDate dataHoje = LocalDate.now();
15: 
16:             int dia = dataHoje.getDayOfMonth();
17:             int mes = dataHoje.getMonthValue();


An error occurred at line: [14] in the jsp file: [/index3.jsp]
LocalDate cannot be resolved
11:         <h2>Exemplo onde são consultados e armazanados o dia, o mes e o ano (data do servidor) e, posteriormente, os valores dessas variáveis são exibidas dentro da estrutura do html</h2>
12: 
13:         <%
14:             LocalDate dataHoje = LocalDate.now();
15: 
16:             int dia = dataHoje.getDayOfMonth();
17:             int mes = dataHoje.getMonthValue();


Stacktrace:
		at org.apache.jasper.compiler.DefaultErrorHandler.javacError(DefaultErrorHandler.java:102)
		at org.apache.jasper.compiler.ErrorDispatcher.javacError(ErrorDispatcher.java:213)
		at org.apache.jasper.compiler.JDTCompiler.generateClass(JDTCompiler.java:600)
		at org.apache.jasper.compiler.Compiler.compile(Compiler.java:381)
		at org.apache.jasper.compiler.Compiler.compile(Compiler.java:351)
		at org.apache.jasper.compiler.Compiler.compile(Compiler.java:335)
		at org.apache.jasper.JspCompilationContext.compile(JspCompilationContext.java:597)
		at org.apache.jasper.servlet.JspServletWrapper.service(JspServletWrapper.java:398)
		at org.apache.jasper.servlet.JspServlet.serviceJspFile(JspServlet.java:383)
		at org.apache.jasper.servlet.JspServlet.service(JspServlet.java:331)
		at javax.servlet.http.HttpServlet.service(HttpServlet.java:583)
		at org.apache.catalina.core.ApplicationFilterChain.internalDoFilter(ApplicationFilterChain.java:212)
		at org.apache.catalina.core.ApplicationFilterChain.doFilter(ApplicationFilterChain.java:156)
		at org.apache.tomcat.websocket.server.WsFilter.doFilter(WsFilter.java:51)
		at org.apache.catalina.core.ApplicationFilterChain.internalDoFilter(ApplicationFilterChain.java:181)
		at org.apache.catalina.core.ApplicationFilterChain.doFilter(ApplicationFilterChain.java:156)
		at org.apache.catalina.core.StandardWrapperValve.invoke(StandardWrapperValve.java:168)
		at org.apache.catalina.core.StandardContextValve.invoke(StandardContextValve.java:90)
		at org.apache.catalina.authenticator.AuthenticatorBase.invoke(AuthenticatorBase.java:483)
		at org.apache.catalina.core.StandardHostValve.invoke(StandardHostValve.java:130)
		at org.apache.catalina.valves.ErrorReportValve.invoke(ErrorReportValve.java:93)
		at org.apache.catalina.valves.AbstractAccessLogValve.invoke(AbstractAccessLogValve.java:679)
		at org.apache.catalina.core.StandardEngineValve.invoke(StandardEngineValve.java:74)
		at org.apache.catalina.connector.CoyoteAdapter.service(CoyoteAdapter.java:343)
		at org.apache.coyote.http11.Http11Processor.service(Http11Processor.java:617)
		at org.apache.coyote.AbstractProcessorLight.process(AbstractProcessorLight.java:63)
		at org.apache.coyote.AbstractProtocol$ConnectionHandler.process(AbstractProtocol.java:932)
		at org.apache.tomcat.util.net.NioEndpoint$SocketProcessor.doRun(NioEndpoint.java:1694)
		at org.apache.tomcat.util.net.SocketProcessorBase.run(SocketProcessorBase.java:52)
		at org.apache.tomcat.util.threads.ThreadPoolExecutor.runWorker(ThreadPoolExecutor.java:1191)
		at org.apache.tomcat.util.threads.ThreadPoolExecutor$Worker.run(ThreadPoolExecutor.java:659)
		at org.apache.tomcat.util.threads.TaskThread$WrappingRunnable.run(TaskThread.java:61)
		at java.base/java.lang.Thread.run(Thread.java:833)
29-Oct-2023 23:47:25.309 INFO [localhost-startStop-2] org.apache.catalina.core.ApplicationContext.log Destroying Spring FrameworkServlet 'dispatcher'
29-Oct-2023 23:47:25.316 INFO [localhost-startStop-2] org.apache.catalina.core.ApplicationContext.log Closing Spring root WebApplicationContext
29-Oct-2023 23:47:25.337 INFO [localhost-startStop-2] org.apache.catalina.core.ApplicationContext.log SessionListener: contextDestroyed()
29-Oct-2023 23:47:25.337 INFO [localhost-startStop-2] org.apache.catalina.core.ApplicationContext.log ContextListener: contextDestroyed()
